chr21 43262797 44199301 relocation inconsistency = 41015
chr21 40033182 43212461 inversion
chr21 40028843 40033181 inversion
chr22 12631279 12635480 translocation
chr8 103783274 103784181 translocation
chr8 8187901 8224563 relocation inconsistency = 4266169
chr11 48914698 48915114 relocation inconsistency = -8672
chr19 24330753 24417330 translocation
chr3 93784314 93788072 translocation
chr5 50200972 50205748 translocation
chr10 133686358 133688462 translocation
chrY 11324024 11328929 translocation
chr5 49599404 49600008 translocation
chrY 11313423 11313927 relocation inconsistency = -18673
chr21 12573020 12578266 relocation inconsistency = 185117
chr21 12382176 12387902 relocation inconsistency = -141578
chr21 12516111 12523249 relocation inconsistency = -25837
chr21 12538032 12541947 relocation inconsistency = 420524
chr21 12965972 12998105 translocation
chr9 43171314 43175069 relocation inconsistency = 22663455
chr9 65845871 65849377 translocation
chr11 42946330 46722078 relocation inconsistency = -8190
chr11 18942872 24919136 relocation inconsistency = -22277
chr11 7813729 9047060 translocation
chr2 175958131 175961683 translocation
chr11 4952102 7815556 relocation inconsistency = 8354
chr11 4332135 4943747 relocation inconsistency = 96775
chr11 3338484 4235359 relocation inconsistency = 45817
chr11 1939857 3292666 relocation inconsistency = 22707
chr11 1894058 1915729 inversion
chr11 1915756 1939667 relocation inconsistency = 21778
chr11 317945 1018551 inversion
chr11 311837 317944 inversion
chr1 776350 783903 relocation inconsistency = 223222921
chr7 72989536 73007249 relocation inconsistency = 56074
chr1 2685139 2688517 relocation inconsistency = 57780
chr7 62231241 62294432 relocation inconsistency = 55519
chr7 62275023 62343596 relocation inconsistency = 34843
chr7 62378440 62408556 relocation inconsistency = -1361864
chr7 61047716 61049680 relocation inconsistency = 1325398
chr7 62383978 62456779 translocation
chr15 19902459 19902944 translocation
chr2 22158384 22162456 translocation
chr5 22215595 29069210 relocation inconsistency = -8925
chr22 12881635 12883917 relocation inconsistency = 257331
chr18 14294858 14340396 translocation
chr5 47082228 47088820 relocation inconsistency = 30958
chr5 47133842 47152669 relocation inconsistency = -318848
chr5 46850644 46851480 relocation inconsistency = 191514
chr5 47045242 47048036 relocation inconsistency = -191158
chr5 46862021 46862685 relocation inconsistency = 122727
chr5 46987532 46992195 relocation inconsistency = 71598
chrX 62514263 62514864 translocation
chr12 37359733 37361504 translocation
chr20 28516198 28523180 translocation
chr16 34236042 34236627 translocation
chr3 35107928 35109921 translocation
chr6 103493181 103494356 translocation
chr22 15977297 15977904 translocation
chr17 26586859 26589200 translocation
chr16 34220474 34227786 translocation
chr5 47124022 47124767 relocation inconsistency = 454406
chr5 46667171 46669338 relocation inconsistency = -361910
chr5 47023504 47029080 translocation
chr7 140656225 140657361 translocation
chr3 75708770 75719069 translocation
chr22 11454572 11497337 translocation
chr14 16959952 16966525 translocation
chr22 13618435 13624913 relocation inconsistency = 10752
chr22 13637616 13643826 relocation inconsistency = 2296671
chr22 15940498 15947249 translocation
chr4 140413406 140419362 translocation
chr22 15963199 15971267 translocation
chr2 132144272 132208854 translocation
chr17 32087679 36178402 relocation inconsistency = 2015954
chr22 10777758 10781216 relocation inconsistency = 274757
chr8 205613 1395123 relocation inconsistency = 12792
chr8 2191237 2307992 relocation inconsistency = 15745
chr8 2323738 2397989 relocation inconsistency = 15745
chr8 6299769 7004264 relocation inconsistency = 19201
chr8 7023466 7194448 relocation inconsistency = 881889
chr6 60826537 60844873 relocation inconsistency = 2754465
chr11 49594619 49715000 inversion
chr11 49715001 49728196 inversion
chr11 49728197 50144741 relocation inconsistency = -31485
chr11 50144742 50333794 inversion
chr11 50760748 50821348 translocation
chrX 62595267 62600104 translocation
chr11 51078349 51087107 relocation inconsistency = 3454258
chr11 54541366 54542810 relocation inconsistency = -201216
chr11 54342688 54356748 relocation inconsistency = -1622369
chr11 52734380 52749471 relocation inconsistency = -1423129
chr2 97336646 97439540 relocation inconsistency = 68282
chr5 156061935 168745349 relocation inconsistency = 14109
chr4 49513510 49514046 translocation
chr10 128464362 128583487 relocation inconsistency = -23583
chr10 122608360 123253838 relocation inconsistency = 8118
chr10 122599112 122600241 relocation inconsistency = 12714
chr18 55779 63620 relocation inconsistency = -53614
chr7 63482966 63766394 relocation inconsistency = -7312
chr21 9562536 9572676 translocation
chr17 21828263 21846203 translocation
chr10 38911789 38913438 translocation
chr17 26855181 26855773 relocation inconsistency = 28325
chr17 26820344 26821134 translocation
chr21 7915750 7917994 translocation
chr22 12977426 12986171 translocation
chr21 7957847 7961252 translocation
chr22 12994034 13009029 translocation
chr20 28761737 28763266 translocation
chr21 8041319 8044371 translocation
chr14 16136464 16140527 translocation
chr20 28806849 28827984 translocation
chr21 10769174 10773510 translocation
chr20 29844315 29855906 translocation
chr22 11362281 11372205 translocation
chr21 10765360 10770024 translocation
chr15 17013883 17034664 translocation
chr21 10787081 10791676 translocation
chr2 93812226 93814383 relocation inconsistency = 1463144
chr2 92338360 92349081 relocation inconsistency = -250130
chr2 92585207 92588489 relocation inconsistency = -888022
chr2 93467775 93473228 relocation inconsistency = 1344693
chr2 92115897 92124148 translocation
chr9 44939885 44946961 translocation
chr2 92336110 92341101 translocation
chr20 26367790 26374618 relocation inconsistency = -149519
chr20 26516316 26517308 translocation
chr2 92582382 92588588 relocation inconsistency = 463630
chr2 92081705 92087965 translocation
chr9 43334715 43335364 translocation
chr16 34899238 34900153 translocation
chr9 43311853 43328223 translocation
chr2 92066205 92073454 relocation inconsistency = 102671
chr9 64009916 64135013 translocation
chr20 30621931 30657876 translocation
chr21 8767481 8803762 relocation inconsistency = -565501
chr7 65214388 65258046 translocation
chr22 30066752 30067517 translocation
chr20 2823004 2824031 translocation
chr9 43219213 43221650 translocation
chr11 101704530 103402113 relocation inconsistency = 8498
chr10 41693522 41869313 relocation inconsistency = 1774094
chr10 39879625 39919427 relocation inconsistency = -1709441
chr10 41559851 41589065 relocation inconsistency = -19354
chr10 41574436 41579204 relocation inconsistency = 907263
chr10 40659582 40667172 relocation inconsistency = -932724
chr10 41572216 41592192 relocation inconsistency = 216705
chr10 41351069 41355510 relocation inconsistency = 530266
chr10 40814233 40820802 relocation inconsistency = 299472
chr10 40504919 40514774 relocation inconsistency = -1033607
chr10 41498505 41538340 relocation inconsistency = 983736
chr10 40508882 40514768 relocation inconsistency = 106702
chr10 40389281 40402179 relocation inconsistency = 102529
chr13 18171249 18179382 translocation
chr20 28516483 28538363 relocation inconsistency = -29366
chr20 28508998 28556953 relocation inconsistency = -39588
chr16 15795 1238837 relocation inconsistency = -9653
chr16 1238838 1247503 inversion
chr22 20075432 20338539 relocation inconsistency = -1919137
chr22 18419403 18422779 relocation inconsistency = 2901617
chr4 49709071 49711850 relocation inconsistency = -7522
chr4 49709073 49711853 translocation
chr22 18892384 18894458 translocation
chr15 20384529 20428827 relocation inconsistency = 8149
chr6 58593304 58596908 translocation
chr3 90516925 90520523 translocation
chr6 6214119 6217683 translocation
chr3 90668047 90668727 relocation inconsistency = -14260
chr3 90652552 90656397 translocation
chr6 60234745 60235272 translocation
chr3 90671981 90677792 relocation inconsistency = -9495
chr3 90673517 90674267 relocation inconsistency = 13225
chr3 90650878 90651379 relocation inconsistency = -26987
chr3 90673210 90673858 relocation inconsistency = 147795
chr3 90510974 90512219 translocation
chrX 69448374 69454068 translocation
chr3 188116583 188117521 relocation inconsistency = 97576562
chr3 90537509 90538071 relocation inconsistency = -134718
chr3 90663309 90666015 translocation
chr1 81390098 81391586 translocation
chr9 79098008 79103879 translocation
chr3 90654277 90655269 relocation inconsistency = -7777
chr3 90659014 90660216 relocation inconsistency = -9318
chr3 90664015 90664596 relocation inconsistency = -47726
chr3 90697832 90698410 translocation
chrY 21005919 21011937 translocation
chr3 90516542 90529310 relocation inconsistency = -131329
chr3 90644745 90647870 translocation
chr6 60235565 60241754 translocation
chr3 90671902 90675049 relocation inconsistency = 12550
chr3 90658138 90658757 relocation inconsistency = -39839
chr3 90694131 90694892 relocation inconsistency = 50531277
chr3 40155426 40161027 relocation inconsistency = 50358191
chr3 90521451 90532702 translocation
chr12 63747182 63748110 translocation
chr3 90675823 90679145 relocation inconsistency = 32589
chr3 90633176 90643233 translocation
chr6 60240007 60241749 translocation
chr3 90677698 90678633 relocation inconsistency = -7227
chr3 90661037 90669337 relocation inconsistency = 151668
chr3 90505635 90507173 relocation inconsistency = -175665
chr3 90672610 90676998 relocation inconsistency = 8265
chr3 90659051 90659852 relocation inconsistency = -7782
chr3 90653487 90654204 relocation inconsistency = 135231
chr3 90517135 90517644 relocation inconsistency = -8999
chr3 90522729 90523377 translocation
chr6 60229935 60241207 translocation
chr3 91524612 91525136 translocation
chr15 17184717 17187510 translocation
chrX 62585399 62588431 translocation
chr21 10745671 10755994 relocation inconsistency = 11447
chr21 10767840 10770024 translocation
chr15 17013883 17033624 translocation
chr21 10793709 10814560 translocation
chr20 28885192 28885702 translocation
chr19 23963412 23965131 translocation
chr10 39443764 39445863 translocation
chr12 37656878 37657902 relocation inconsistency = 33657
chr12 37695064 37695791 translocation
chr20 28829671 28836569 relocation inconsistency = 30574
chr20 28869488 28879067 translocation
chr21 7265092 7268494 translocation
chr3 157897594 157902836 translocation
chr7 57991363 57993875 translocation
chr21 5303489 5316661 translocation
chr11 54926068 56708338 relocation inconsistency = -11026
chr11 58051632 61227732 relocation inconsistency = 18832
chr11 66252413 67831588 relocation inconsistency = 25305051
chr11 93136640 93142687 relocation inconsistency = -89685140
chr11 3457548 3465916 relocation inconsistency = 64371685
chr11 70803362 70955696 relocation inconsistency = 96438
chr11 86169422 87978200 relocation inconsistency = 23954
chr21 9246673 9267226 translocation
chr5 64477135 65172389 inversion
chr5 64470883 64477134 inversion
chr5 95212568 99399047 translocation
chr13 41483970 41484788 translocation
chr22 16213177 16279672 translocation
chr9 40836909 40841708 translocation
chr22 16017815 16027522 translocation
chr2 94544340 94548923 translocation
chr22 16327512 16329151 translocation
chr2 91402512 91404595 translocation
chr7 58048247 58050934 translocation
chr19 16001610 16002536 translocation
chr3 75708770 75745117 translocation
chr22 11438399 11459725 translocation
chr15 40050803 43623206 relocation inconsistency = 99781
chr7 57621337 57640574 translocation
chr5 17598421 20696975 relocation inconsistency = 67872
chr5 17518507 17530548 relocation inconsistency = 58683
chr5 17594982 17598102 relocation inconsistency = 65670
chr5 778076 3322544 relocation inconsistency = 92068
chr21 9973810 9978611 translocation
chr9 41481814 41498991 relocation inconsistency = 24849287
chr9 62266948 62290952 translocation
chr22 10691589 10694955 translocation
chrY 11316815 11317775 translocation
chr10 133679517 133690466 translocation
chrY 11311575 11314123 relocation inconsistency = -16434
chrY 11316815 11317332 relocation inconsistency = -17416
chrY 11323081 11323992 inversion
chrY 11324003 11324558 relocation inconsistency = -17222
chrY 11316815 11317364 relocation inconsistency = -16625
chrY 11329703 11330215 translocation
chr10 133686369 133690424 translocation
chr4 190177289 190177844 translocation
chrY 11304914 11315175 inversion
chrY 11312710 11314067 relocation inconsistency = -17176
chrY 11321295 11322270 relocation inconsistency = 14631
chrY 11305086 11305652 relocation inconsistency = -12462
chrY 11310273 11311607 translocation
chr3 75629856 75650568 translocation
chr4 190073171 190074832 translocation
chrY 11312300 11312870 relocation inconsistency = -17084
chrY 11327000 11327564 translocation
chr10 133686548 133687145 relocation inconsistency = -11435
chr10 133682833 133690115 translocation
chrY 11312975 11313481 relocation inconsistency = -9027
chrY 11332109 11333010 translocation
chr20 28557055 28621491 translocation
chr9 63817558 63823911 translocation
chr20 30811899 30842350 translocation
chr16 32834239 32834803 translocation
chrX 58881359 58887302 translocation
chr11 54349997 54352777 translocation
chrX 149750385 149767247 inversion
chrX 149652879 149750398 inversion
chr22 11871228 11873001 relocation inconsistency = 16229
chr1 143221322 143221857 relocation inconsistency = 18048835
chr1 124933047 124977944 relocation inconsistency = 2449142
chr17 16698972 16747506 relocation inconsistency = 1671759
chr13 16110760 16161652 relocation inconsistency = -30836
chr22 13133332 13138113 translocation
chr20 29283956 29288389 relocation inconsistency = 552170
chr22 23994637 25820046 inversion
chr22 23973750 23975107 relocation inconsistency = 10667
chr22 23987123 23991567 relocation inconsistency = 45530
chr22 23935550 23936381 translocation
chr7 77305693 77307173 translocation
chr22 23979096 23979784 relocation inconsistency = -30360
chr22 23969111 24005868 relocation inconsistency = 37153
chr22 23510406 23931957 translocation
chr10 95197194 95198222 translocation
chr9 129429537 129442110 translocation
chr1 230984527 230985152 translocation
chrX 72733184 72734156 translocation
chr9 129442924 129444290 translocation
chr15 97629102 97630135 translocation
chr22 22398251 23510457 relocation inconsistency = 40543
chr22 22348903 22355333 relocation inconsistency = -49351
chr21 8773711 8803762 translocation
chr20 30621931 30654497 translocation
chr16 15362166 15364302 relocation inconsistency = 410794
chr7 72882797 72886202 relocation inconsistency = 29484967
chr16 33063138 33082545 relocation inconsistency = 236904
chr16 32798200 32826233 translocation
chr4 79709512 79710584 translocation
chr18 107173 109438 translocation
chr4 190178697 190180108 translocation
chr9 44143436 44150255 relocation inconsistency = 16424139
chr9 60574126 60581294 relocation inconsistency = 16880036
chr9 43685360 43687751 relocation inconsistency = -13274
chr9 43694105 43698517 relocation inconsistency = 16883442
chr9 60585363 60590799 relocation inconsistency = 82991
chr9 60673791 60682289 relocation inconsistency = -100680
chr9 60581610 60592352 relocation inconsistency = 17113321
chr9 43463416 43468288 relocation inconsistency = 17163799
chr9 43371358 43376666 relocation inconsistency = 17216353
chr9 60593020 60603608 relocation inconsistency = -15473
chr9 60602694 60608492 relocation inconsistency = 16315125
chr9 44278182 44280510 relocation inconsistency = 16279641
chr2 97534852 97565890 relocation inconsistency = 216683
chr17 38305943 41265828 relocation inconsistency = 10305
chr17 41633966 43232908 relocation inconsistency = 47123
chr17 43280032 43323726 inversion
chrY 11480998 11487016 translocation
chr4 10232944 14923059 relocation inconsistency = 23307
chr4 9475175 10209636 relocation inconsistency = 24407
chr4 9340083 9450767 relocation inconsistency = 183640
chr4 8816478 9156428 relocation inconsistency = 18268
chr4 4150258 6511986 relocation inconsistency = 30203
chrX 153075613 153106016 inversion
chrX 153149742 153293927 relocation inconsistency = -43695
chrX 153250233 154182444 relocation inconsistency = 112066
chrX 154294511 154591327 relocation inconsistency = -35445
chrX 154591328 154613096 inversion
chr9 41307172 41309757 translocation
chr22 16890163 16897942 translocation
chrY 11485699 11486797 translocation
chr10 42166314 42167543 translocation
chr7 62231241 62239893 relocation inconsistency = 8678
chr7 62248572 62250033 relocation inconsistency = -427726
chr9 64935698 64975055 relocation inconsistency = -24124044
chr9 40909644 40910204 translocation
chr3 185562551 185568667 translocation
chr4 49594659 49611535 relocation inconsistency = 288493
chr20 29851779 29852624 translocation
chr2 94566239 94569891 translocation
chr20 29889712 29892125 relocation inconsistency = -678733
chr20 29213393 29231435 relocation inconsistency = 7054
chr2 91494907 91495556 translocation
chrX 987203 988362 relocation inconsistency = 8248
chrX 1003525 1004145 relocation inconsistency = 8306
chrX 1013293 1017828 relocation inconsistency = 61579470
chrX 62597304 62599084 translocation
chr20 53858949 53867826 translocation
chr22 16549586 16561334 translocation
chr10 38919018 38927962 translocation
chr21 7926576 8000777 translocation
chr20 28766748 28775594 translocation
chr15 17021336 17033196 translocation
chr12 9479110 9480318 translocation
chrX 42888394 42891347 translocation
chr12 9579441 10434194 relocation inconsistency = 15450
chr12 13397635 17774389 inversion
chr12 17774390 17855572 inversion
chr20 29213251 29250267 relocation inconsistency = 483480
chr4 49276495 49287616 translocation
chr22 11817281 11821407 translocation
chr4 49505914 49516710 relocation inconsistency = 215271
chr5 70494960 70500259 relocation inconsistency = 270662
chr5 70770922 70791369 relocation inconsistency = -20448
chr5 70770922 70791370 relocation inconsistency = -20449
chr5 70770922 70791373 relocation inconsistency = 36573581
chr3 75678200 75708756 translocation
chr20 29368734 29370931 translocation
chr3 198122878 198124387 translocation
chr1 878425 883191 translocation
chr20 29764875 29767698 translocation
chr8 7283396 7284426 translocation
chr9 63823207 63823910 translocation
chr20 28557054 28560964 translocation
chr4 186362903 186363899 translocation
chr3 91525282 91528734 relocation inconsistency = 1079712
chr3 92616451 92619601 relocation inconsistency = -713980
chr3 93324997 93330332 relocation inconsistency = 1772823
chr3 91544239 91549691 relocation inconsistency = 1078160
chr3 92627951 92634893 relocation inconsistency = -1021741
chr21 8666575 8676595 translocation
chr8 43655620 43936477 relocation inconsistency = 1232242
chr8 45171317 45173847 relocation inconsistency = 774320
chr8 67581769 84962077 relocation inconsistency = -9569
chr8 84952509 84953046 inversion
chr8 84952553 84953062 relocation inconsistency = 9001
chr8 85657386 85660235 relocation inconsistency = 128848
chr3 92486686 92494512 relocation inconsistency = 1224543
chr3 122934008 125766864 translocation
chr12 8393430 8396376 translocation
chr3 139325585 145272487 relocation inconsistency = -8586
chr3 186719008 187418139 inversion
chr3 187418142 187424422 inversion
chr3 187424420 191505793 relocation inconsistency = 112774
chr7 144285532 149943200 relocation inconsistency = 98583
chr7 143700805 144186948 relocation inconsistency = -350904
chr7 143836045 143850969 relocation inconsistency = 225071
chr7 142506481 142510139 relocation inconsistency = -20021
chr7 142342133 142343273 relocation inconsistency = -10554
chr1 223957188 223967377 translocation
chr1 164872 180111 translocation
chr5 70364985 70379282 relocation inconsistency = 52558
chr17 26701306 26720420 translocation
chr2 90370652 90371883 translocation
chr17 26876851 26880254 relocation inconsistency = 45689
chr17 26937054 26938677 translocation
chr10 38911854 38913438 translocation
chr17 26936187 26938679 relocation inconsistency = -14332
chr17 28455930 30621881 inversion
chr7 77018809 77020096 relocation inconsistency = 503352
chr10 133763996 133765779 relocation inconsistency = 73529
chr5 49612097 49618324 relocation inconsistency = 31559
chr5 49649884 49650454 relocation inconsistency = -51131
chr5 49599324 49600986 translocation
chr19 43213560 43679788 relocation inconsistency = 268373
chr19 39889841 42945186 relocation inconsistency = 16276
chr19 38788026 39873564 inversion
chr19 38774758 38788025 inversion
chr17 81249457 81742542 relocation inconsistency = 50076
chr3 91284724 91397667 relocation inconsistency = 396516
chr4 49152184 49154695 relocation inconsistency = 471118
chr13 113723021 113898741 relocation inconsistency = 49224
chr13 111843442 112972801 translocation
chr5 129146336 129147181 translocation
chr13 111789117 111793420 relocation inconsistency = 85261
chr13 86269523 90314081 relocation inconsistency = 47322
chr7 35186989 38264851 relocation inconsistency = -16102
chrY 56878943 56888112 translocation
chr1 178315764 178317714 translocation
chr1 16737901 16744902 relocation inconsistency = -141763
chr1 16870487 16879663 relocation inconsistency = 134405
chr3 92889977 92891556 relocation inconsistency = -380411
chr15 32607257 32622150 relocation inconsistency = -1989997
chrY 11324030 11329322 translocation
chr20 30364662 30376182 translocation
chr9 40939293 40972452 translocation
chr21 5255778 5258916 relocation inconsistency = 2934716
chr21 8212555 8215630 translocation
chr2 132258764 132271024 translocation
chrY 10624211 10627133 translocation
chr10 55899647 55904894 translocation
chr20 29271829 29274419 relocation inconsistency = 1184430
chr20 30459258 30465542 relocation inconsistency = -1175223
chr9 63681610 63683391 translocation
chr5 70764870 70798128 translocation
chr20 64303940 64315713 translocation
chr9 60518563 60559827 relocation inconsistency = 19586092
chr9 40912759 40932470 relocation inconsistency = 22977524
chr18 15780478 15786892 relocation inconsistency = 3374643
chr21 9560096 9572669 translocation
chr9 69281556 70701801 relocation inconsistency = 17993
chr9 80660136 81911725 relocation inconsistency = 14896
chr7 61452876 61507615 relocation inconsistency = 332668
chr22 16314014 16409442 relocation inconsistency = 46125
chr17 287783 448188 relocation inconsistency = 39228
chr6 58383824 58453884 relocation inconsistency = 1111613
chr1 224039669 228556384 relocation inconsistency = 76558
chr21 7928263 7949326 relocation inconsistency = -12326
chr21 7960380 7973368 relocation inconsistency = 2596798
chr21 5341133 5361977 translocation
chr22 12343426 12348669 translocation
chr9 43461563 43467292 relocation inconsistency = -38281
chrY 11324003 11326802 translocation
chr4 190176470 190180262 translocation
chr10 133686358 133690459 translocation
chrY 11324003 11328815 translocation
chr12 35317474 35323384 relocation inconsistency = 1858093
chr12 37181478 37182624 relocation inconsistency = -310585
chr12 36872107 36877819 relocation inconsistency = -206392
chr12 36673607 36679555 relocation inconsistency = 494558
chr12 37180221 37181627 relocation inconsistency = -2412110
chr12 34780691 34813175 relocation inconsistency = 61283
chr7 67203777 70955983 inversion
chr7 70961200 70973899 inversion
chrY 11311845 11316427 translocation
chr4 190176576 190180259 translocation
chr12 86857790 122092391 inversion
chr12 86847818 86857789 inversion
chr12 8218311 8405890 relocation inconsistency = 32361
chr4 49285608 49295203 translocation
chr17 21659782 21684303 relocation inconsistency = 357758
chr17 22385271 22389249 relocation inconsistency = 18157
chr17 22532855 22741775 relocation inconsistency = 148773
chr17 22892853 22900651 relocation inconsistency = 1631156
chr1 144830689 144832593 translocation
chr11 51093358 51098390 relocation inconsistency = -2507527
chr11 53594448 53599468 relocation inconsistency = 766618
chr22 12802116 12810633 translocation
chr20 30456078 30486744 translocation
chr22 12413308 12422516 translocation
chr20 28957808 28959647 translocation
chr22 12339196 12349152 translocation
chr21 7238226 7244458 translocation
chr22 16056881 16064724 relocation inconsistency = 3543102
chr22 12512709 12513446 translocation
chr20 29852802 29858363 translocation
chr16 36053752 36059710 translocation
chr15 17033880 17035519 translocation
chr16 34202451 34205706 translocation
chr11 48744665 48750705 translocation
chr18 38016 41815 translocation
chr22 16075750 16081126 translocation
chr20 30994874 30999071 translocation
chr9 43192165 43200051 translocation
chr20 30997989 31000681 relocation inconsistency = 1275202
chr20 29708930 29722786 relocation inconsistency = -1292579
chr5 46146330 46435401 relocation inconsistency = 200957
chr5 46640180 46642329 relocation inconsistency = -30529
chr20 28728976 28746141 translocation
chr6 92996842 93000728 translocation
chr16 37107586 37112426 translocation
chr5 48313141 48319481 translocation
chr1 122668456 122672913 relocation inconsistency = 1023781
chrY 11324003 11329322 translocation
chr20 28575030 28624744 relocation inconsistency = -899383
chr20 29443234 29451696 translocation
chrX 87443135 87444296 translocation
chr6 86690625 86692814 translocation
chr10 133631557 133640421 translocation
chr4 56362781 56366995 translocation
chr20 30593332 30594543 translocation
chr9 41258337 41264071 translocation
chr14 23697889 23698768 translocation
chr3 75708770 75745135 translocation
chr9 62822796 62823523 inversion
chr11 89797258 89816756 inversion
chr11 89816757 90027834 inversion
chr4 49255006 49255854 relocation inconsistency = 30298
chr21 9166348 9169224 relocation inconsistency = 119496
chr4 49575006 49583099 translocation
chr9 62838288 62856159 translocation
chr15 17673698 17718365 relocation inconsistency = 598005
chr15 18316371 18323186 translocation
chr21 10785074 10785592 translocation
chr9 43201946 43205821 translocation
chr20 28804394 28809081 translocation
chr21 7274089 7301215 translocation
chr22 12412619 12421405 relocation inconsistency = -1206275
chr22 11215598 11222589 translocation
chr21 7305557 7327454 relocation inconsistency = 629434
chr21 7956889 7963484 relocation inconsistency = 2623831
chr21 5281746 5287833 translocation
chr16 36036464 36040735 translocation
chr21 7288472 7295650 translocation
chr7 57933569 57934511 translocation
chr20 28840140 28843394 relocation inconsistency = 16233
chr20 28869767 28873211 relocation inconsistency = 8716
chr20 28888500 28890299 translocation
chr15 17009684 17049133 relocation inconsistency = -188533
chr15 17161957 17197989 translocation
chr20 28728977 28734295 translocation
chr22 12977538 12986105 translocation
chr21 10700077 10700588 translocation
chr20 29698079 29716614 translocation
chr7 80713113 80719156 translocation
chr20 29700187 29703288 relocation inconsistency = 430825
chr20 30134114 30152276 relocation inconsistency = 219681
chr20 29891869 29909160 relocation inconsistency = 685956
chr9 45368413 45373148 relocation inconsistency = 15247963
chr5 46818809 46825992 relocation inconsistency = -175738
chr5 46988948 46989574 relocation inconsistency = 167287
chr5 46796826 46816158 relocation inconsistency = -13629
chr5 46796826 46810454 relocation inconsistency = -330614
chr5 47124923 47125448 relocation inconsistency = 7155
chr5 47110976 47117620 relocation inconsistency = 214036
chr5 46864977 46896939 relocation inconsistency = -143174
chr5 46985147 47008074 relocation inconsistency = 71812
chr5 47094239 47106894 relocation inconsistency = -11559
chr5 47095336 47096023 translocation
chr2 221984575 221990575 translocation
chr5 47090310 47092173 translocation
chr11 55248491 55255063 translocation
chr19 27273490 27276213 translocation
chr11 48856926 48864190 translocation
chr12 73147617 73153633 translocation
chr14 90207242 90212803 translocation
chr20 30993290 30994600 translocation
chr18 107237 108601 translocation
chr9 60525442 60528306 translocation
chr2 132360804 132361982 translocation
chr7 136831191 136837143 translocation
chr21 7125160 7127771 translocation
chr6 129807050 129808007 translocation
chr8 70854291 70854873 translocation
chr21 7643967 7652429 relocation inconsistency = 1266708
chr21 6252545 6377258 relocation inconsistency = -45417
chr21 6369218 6370456 relocation inconsistency = 1180434
chr21 7622702 7659340 relocation inconsistency = 440506
chr21 8221507 8256491 translocation
chr5 50129344 50136692 translocation
chrX 135861171 137315539 relocation inconsistency = 103845
chrX 135717413 135757325 relocation inconsistency = 8691
chrX 135766017 135774833 relocation inconsistency = 40025
chrX 120972279 122741686 relocation inconsistency = 100142
chrX 116595567 119740279 relocation inconsistency = 34367
chrX 115867458 115881025 relocation inconsistency = 141865
chrX 114331235 115725592 relocation inconsistency = 44505
chrX 108775060 114281198 relocation inconsistency = -9282
chrX 104082053 106452823 translocation
chr13 53093692 53096099 translocation
chrX 103969084 104085021 relocation inconsistency = 15241
chrX 90276318 103897191 relocation inconsistency = -8735
chrX 76148981 79666392 inversion
chrX 76146129 76148980 inversion
chr12 35108072 35114125 relocation inconsistency = -262566
chr12 34851560 34859834 relocation inconsistency = 205506
chr12 35065341 35071619 relocation inconsistency = 70785
chr12 35142405 35146148 relocation inconsistency = 1194804
chr16 72695351 74372147 relocation inconsistency = 2585004
chr8 8224553 12018005 translocation
chr12 8393385 8396314 translocation
chr20 29890344 29900750 relocation inconsistency = 37679
chr20 29938430 29946893 translocation
chr6 48737352 48743373 translocation
chr13 16231355 16232039 relocation inconsistency = -17939
chr13 16229028 16249292 translocation
chr20 26290842 26291598 translocation
chr21 10714223 10716602 translocation
chr13 63028412 63074889 translocation
chr7 57564574 57576895 translocation
chr21 9527149 9616911 translocation
chr1 73129298 75377083 relocation inconsistency = -82505580
chr1 155627634 155634877 relocation inconsistency = 82497368
chr1 72346158 73130265 relocation inconsistency = 45516
chr1 26646432 29552233 inversion
chr1 26641623 26646431 inversion
chr1 19061421 22577908 translocation
chr15 45462084 45463478 translocation
chr19 48669189 48669993 translocation
chr21 10453096 10458142 translocation
chr1 155875221 161536000 relocation inconsistency = 81424
chr1 187497598 196742574 relocation inconsistency = 84615
chr14 27794750 34547856 relocation inconsistency = -7190
chr14 34547855 34554428 inversion
chr14 49023146 50238635 relocation inconsistency = 118490
chr14 105477656 105577122 relocation inconsistency = 120376
chr14 105698350 106075078 translocation
chr12 95155792 95156457 translocation
chr14 105956129 105958759 relocation inconsistency = 799333
chr14 106758478 106766052 relocation inconsistency = -305446
chr14 106463685 106471262 relocation inconsistency = -256867
chr14 106218132 106223072 relocation inconsistency = 547294
chr14 106770367 106771794 translocation
chr16 33013516 33017637 translocation
chr14 106112755 106324001 relocation inconsistency = 25028
chr14 106349030 106730566 relocation inconsistency = 47007
chr7 77039593 77066861 relocation inconsistency = 28072
chr15 20571772 20689298 relocation inconsistency = 569056
chr3 90796915 90804828 relocation inconsistency = 75783
chr3 90479384 90564713 relocation inconsistency = 73041
chr3 90404262 90406599 relocation inconsistency = -78133
chr15 18908855 18914185 relocation inconsistency = 648553
chr15 19560832 19566817 relocation inconsistency = -1192771
chr15 18380666 18385776 translocation
chr16 34252453 34254680 translocation
chrX 76003094 76004189 translocation
chr6 44870636 44875569 translocation
chr20 28626724 28646195 translocation
chr9 40981521 41006006 relocation inconsistency = 22822074
chr9 63828081 63833510 inversion
chr9 63823164 63826100 relocation inconsistency = 22585247
chr15 18938467 18944819 relocation inconsistency = 565712
chr15 18370109 18372754 relocation inconsistency = -618882
chr15 18982324 18988355 relocation inconsistency = -51462
chr15 19029364 19033785 relocation inconsistency = -169596
chr15 19189927 19195204 relocation inconsistency = 595761
chr1 13224059 13266289 relocation inconsistency = 31193
chrX 10208 28869 relocation inconsistency = 65952
chrX 94822 133871 relocation inconsistency = 116192
chrX 1325447 1465428 relocation inconsistency = 40732
chrX 1735268 1947457 relocation inconsistency = 185555
chrX 2133013 3861497 relocation inconsistency = 76896
chrX 23982661 37085008 relocation inconsistency = 193273
chrX 47089471 48396305 relocation inconsistency = -29313
chrX 48396306 48399119 inversion
chrX 49017589 49316537 relocation inconsistency = 257885
chrX 49574423 50228964 relocation inconsistency = 46579
chrX 50278965 51692963 relocation inconsistency = -24848
chrX 51692964 51700363 inversion
chrX 51700364 52502217 relocation inconsistency = -13017
chrX 52489203 52510671 inversion
chrX 55183232 55480141 relocation inconsistency = -26612
chrX 55480142 55493063 inversion
chrX 56764846 58486188 relocation inconsistency = 19489
chr22 12189938 12200147 translocation
chr4 49304242 49318595 relocation inconsistency = 25641
chr7 62536641 62538960 relocation inconsistency = 3677312
chr7 58856297 58859328 relocation inconsistency = -124374
chr7 58970496 58975504 relocation inconsistency = -1770109
chr7 60732202 60735494 relocation inconsistency = 1363083
chr7 59362551 59367100 relocation inconsistency = -951378
chr7 60305114 60311862 relocation inconsistency = 1026988
chr7 59271960 59278125 relocation inconsistency = 341685
chr7 58919676 58924886 relocation inconsistency = 566885
chr15 24422744 28197310 relocation inconsistency = 166034
chr21 7956588 7958048 translocation
chr20 28728975 28751119 translocation
chr21 5387191 5389700 translocation
chr20 28790159 28843394 relocation inconsistency = 297453
chr20 29142412 29143122 relocation inconsistency = -12521
chr20 29131625 29132140 relocation inconsistency = 38134
chr20 29171508 29204668 relocation inconsistency = -11954
chr20 29192715 29196106 relocation inconsistency = -334739
chr20 28897229 28955819 relocation inconsistency = 56471
chr1 206409764 207523599 relocation inconsistency = 18571
chr21 10430586 10435322 translocation
chr22 10777758 10783833 relocation inconsistency = 272563
chr1 247894351 248519266 inversion
chr1 248519266 248528795 inversion
chr16 34616189 34632698 relocation inconsistency = 234622
chr16 36017690 36260382 relocation inconsistency = -188463
chr16 36071926 36077950 relocation inconsistency = 236811
chr16 36317195 36317697 relocation inconsistency = -10602
chr16 36319487 36326196 relocation inconsistency = -401165
chr16 36712431 36714138 relocation inconsistency = 1551604
chr16 38265770 38268896 relocation inconsistency = 88056
chr16 38172093 38174844 relocation inconsistency = 763033
chr2 95886148 95967665 relocation inconsistency = -1650254
chrY 11305627 11311409 translocation
chr9 104149021 113090806 relocation inconsistency = -16330
chr9 121895772 123979102 inversion
chr9 123979107 123991042 inversion
chr4 87937548 90675647 inversion
chr4 87926012 87937547 inversion
chr4 69400528 70331555 relocation inconsistency = 108936
chr4 58921394 64607180 relocation inconsistency = 42226
chr4 51794800 51814914 relocation inconsistency = 1632226
chr4 50154198 50162529 relocation inconsistency = 217800
chr4 49930575 49936397 translocation
chr2 4734183 4739755 translocation
chr4 50764858 50767791 relocation inconsistency = 713456
chr4 50046135 50051401 translocation
chr9 13042431 13043372 translocation
chr5 114673074 114675373 translocation
chr4 50314908 50325407 relocation inconsistency = 266979
chr9 39281336 39409424 relocation inconsistency = 2828033
chr21 9019041 9039951 translocation
chr22 12135320 12170364 translocation
chr22 18896123 18896981 translocation
chr21 10270613 10272527 translocation
chr22 18892384 18894458 translocation
chr22 11279198 11332155 translocation
chr20 29856447 29860634 translocation
chrX 42004315 42010313 translocation
chr21 7225370 7227280 translocation
chr5 50235314 50239647 translocation
chr20 29854824 29884750 relocation inconsistency = -1329202
chr7 100957472 100999972 relocation inconsistency = -24578
chr7 100948855 100953870 relocation inconsistency = 17753
chr7 100973113 100976115 inversion
chr9 60521359 60522706 relocation inconsistency = 19583787
chr9 40929325 40932469 translocation
chrY 57216546 57217231 translocation
chr18 67453985 68535095 relocation inconsistency = -20270
chr18 47023505 47025827 relocation inconsistency = 53592
chr22 15583601 15933617 translocation
chr14 17403783 17410374 relocation inconsistency = 811833
chr14 16588919 16591949 translocation
chr15 47166105 47171542 translocation
chr2 132242910 132246395 translocation
chr1 123183810 123189505 translocation
chr5 49614170 49617589 relocation inconsistency = 1218856
chr5 48388879 48395313 translocation
chr16 37389268 37391912 translocation
chr5 47406560 47407549 translocation
chr1 123339854 123346235 translocation
chr19 25245145 25252533 translocation
chr5 49448696 49452811 translocation
chr1 123049482 123055942 translocation
chr16 36348351 36355501 translocation
chr5 48367256 48374282 translocation
chr1 122536393 122538858 translocation
chr19 27046681 27052468 translocation
chr5 49452064 49458729 translocation
chr1 122892252 122896832 translocation
chr5 49447087 49452963 translocation
chr1 122892246 122898539 translocation
chr5 47746643 47747826 relocation inconsistency = 577000
chr5 47162134 47169642 translocation
chr1 122586210 122592534 translocation
chr19 25456401 25462932 translocation
chr1 124641153 124646162 translocation
chr19 27337883 27340209 translocation
chr5 46789381 46790422 relocation inconsistency = 354166
chr20 30592122 30761898 translocation
chr22 11831858 11839490 translocation
chr21 10128449 10144478 relocation inconsistency = 3839117
chr21 13984111 13985463 translocation
chr22 22288786 22290284 translocation
chr15 20815690 20820994 translocation
chr3 77778851 77788795 translocation
chr19 21697450 21697956 translocation
chr12 42083371 42085939 translocation
chr9 64485203 64491661 relocation inconsistency = 23184802
chr9 41238505 41287220 relocation inconsistency = 22525570
chr9 63823397 63823943 translocation
chr20 30364387 30425128 relocation inconsistency = 1296876
chr20 29065112 29067510 relocation inconsistency = -1299274
chr20 30118784 30151013 relocation inconsistency = 101289
chr20 29909944 30017494 relocation inconsistency = -19489
chr20 29888898 29929432 relocation inconsistency = 573565
chr20 29452179 29562970 relocation inconsistency = 738403
chr20 30318812 30321314 relocation inconsistency = 434061
chr20 29565354 29884750 translocation
chr9 63823397 63824504 translocation
chr10 26893470 37600822 translocation
chr5 156658674 156665917 translocation
chr10 25418758 26894437 translocation
chrX 148126975 148129472 relocation inconsistency = 70918359
chrX 77205099 77208615 translocation
chr19 66265 75650 translocation
chrX 65119165 65121780 translocation
chr1 34045 35141 translocation
chr20 63841 1582767 relocation inconsistency = 33056
chr20 1615824 1877185 relocation inconsistency = -12386
chr20 20355336 23988313 translocation
chr22 20687706 20688675 translocation
chr20 25601757 25797210 relocation inconsistency = 62042
chr1 121397177 121624167 relocation inconsistency = 660668
chr1 122309101 122310173 relocation inconsistency = 558575
chr6 46342558 57349657 translocation
chr18 15780760 15781855 translocation
chr6 46225883 46227249 relocation inconsistency = -116691
chr6 32545267 32545766 translocation
chr8 106791985 106793860 translocation
chr18 5085683 5088867 translocation
chr6 32501026 32501651 translocation
chrX 139341915 139342888 translocation
chr6 32513387 32531449 relocation inconsistency = -62097
chr6 32573002 32575483 relocation inconsistency = 86092
chr6 32046128 32486909 relocation inconsistency = 32854
chr6 31320935 32013273 relocation inconsistency = 9664
chr21 10360053 10366014 translocation
chr1 814792 1632457 relocation inconsistency = 67159
chr22 11839933 11840764 translocation
chrY 11094659 11113556 translocation
chr4 19034 68710 relocation inconsistency = 190038545
chr5 179655176 181088602 inversion
chr5 179637369 179658566 inversion
chr2 141639300 143090358 translocation
chr5 80650906 80652135 relocation inconsistency = 54269386
chr5 134923315 134928462 translocation
chr2 143099027 151599068 relocation inconsistency = 10552
chr2 159104557 168871360 relocation inconsistency = 95384943
chr2 63706916 63708696 relocation inconsistency = 105158412
chr2 239706866 240685789 relocation inconsistency = -13479
chr2 240685790 240688966 inversion
chr2 94164709 94189487 translocation
chr20 26629604 26631323 relocation inconsistency = 248250
chr20 26376705 26381353 translocation
chr2 92229624 92236206 relocation inconsistency = -312263
chr2 92538534 92541886 relocation inconsistency = -368428
chr2 92903965 92906961 relocation inconsistency = -1248474
chr2 94140666 94150967 relocation inconsistency = -21418
chr2 94145769 94162083 relocation inconsistency = 1910741
chr2 92224477 92230714 relocation inconsistency = -91289
chr2 92306604 92314733 relocation inconsistency = -1860055
chr2 94144400 94148527 relocation inconsistency = 1900202
chr2 92224821 92228618 relocation inconsistency = -1928752
chr2 94146425 94153572 relocation inconsistency = -22267
chr2 94159914 94168691 relocation inconsistency = 1926037
chr2 92225760 92233954 relocation inconsistency = -8150
chr2 92228784 92233909 relocation inconsistency = -1704258
chr2 93927576 93932205 relocation inconsistency = 1696635
chr2 92225101 92230940 relocation inconsistency = -1937249
chr2 94161631 94162349 relocation inconsistency = 1199586
chr2 92953999 92960949 relocation inconsistency = 830343
chr2 92115913 92123034 relocation inconsistency = -2037209
chr2 94147448 94153121 relocation inconsistency = 1049978
chr2 93096555 93097469 relocation inconsistency = 727497
chr2 92361153 92369018 relocation inconsistency = -337782
chr2 92693841 92698934 relocation inconsistency = 464408
chr2 92225093 92229432 relocation inconsistency = 99453
chr2 92119082 92121548 relocation inconsistency = -131218
chr2 92240219 92250299 relocation inconsistency = 11886
chr2 92225093 92228332 relocation inconsistency = -143966
chr2 92361578 92369969 relocation inconsistency = 19027
chr2 92335591 92344821 relocation inconsistency = 101151
chr2 92224314 92232752 relocation inconsistency = -120511
chr2 92335591 92344824 translocation
chr20 26365423 26368345 translocation
chr2 92116353 92123001 relocation inconsistency = -2037889
chr2 94147215 94151670 relocation inconsistency = 1834058
chr2 92306430 92313156 relocation inconsistency = 71761
chr2 92224605 92234668 relocation inconsistency = -1937929
chr2 94146199 94162533 translocation
chr1 86678994 86679742 translocation
chr2 92449565 92455054 relocation inconsistency = 423279
chr2 92878537 92879195 relocation inconsistency = 644575
chr2 92229009 92233764 translocation
chr1 86678994 86679724 translocation
chr2 94145153 94153004 relocation inconsistency = 1899523
chr2 92238895 92243891 relocation inconsistency = -230122
chr2 92462496 92469016 relocation inconsistency = -1446609
chr2 93907744 93909104 relocation inconsistency = -57046
chr2 93955586 93960916 relocation inconsistency = 480263
chr2 93472626 93473226 relocation inconsistency = 1152770
chr2 92312953 92319855 relocation inconsistency = -296011
chr12 40504829 41844251 relocation inconsistency = -12484
chr12 37973022 40146830 relocation inconsistency = -7703
chr1 93876139 103667876 relocation inconsistency = 94151
chr1 103762028 108310652 relocation inconsistency = -89032
chr1 108310653 108383726 inversion
chr1 108383727 109685187 relocation inconsistency = 18453
chr1 112295044 119927959 relocation inconsistency = 150146
chr9 38774635 38863132 relocation inconsistency = 11364
chr1 222508233 223558935 relocation inconsistency = 49164
chrY 56831476 56832056 translocation
chr2 97137581 97156203 relocation inconsistency = 1191329
chr2 95927377 95946251 translocation
chr13 18179525 18180063 translocation
chr18 20918385 20941421 relocation inconsistency = 87665
chr18 20818878 20830634 relocation inconsistency = 29029
chr18 20757287 20789848 relocation inconsistency = 162223
chr18 20595572 20601711 relocation inconsistency = 4406897
chr18 16178043 16178986 translocation
chr20 26371841 26377843 translocation
chr22 11576272 11631278 translocation
chr2 132249602 132254476 translocation
chr20 28899004 28913955 translocation
chr16 34183897 34187666 translocation
chr20 30943382 30944095 relocation inconsistency = 30011
chr20 30975041 30980210 relocation inconsistency = 13436
chr20 30993755 31001469 relocation inconsistency = -1297161
chr20 29704309 29705227 translocation
chr8 115753164 115759166 translocation
chr20 29701562 29707717 translocation
chr14 18241293 18248008 translocation
chr9 64985475 64986665 translocation
chrY 10626190 10627096 translocation
chr10 39415369 39420046 translocation
chr3 110911444 110917423 translocation
chr20 29851147 29856215 relocation inconsistency = 641856
chr20 29206210 29208708 translocation
chr7 57881625 57892036 translocation
chr2 192835843 192836770 translocation
chr22 11366702 11377644 translocation
chr20 29861919 29884750 translocation
chr22 21491762 22261550 relocation inconsistency = -71066
chr22 21443090 21562827 relocation inconsistency = 70269
chr19 27046592 27052613 translocation
chr1 122596123 122602277 translocation
chr5 49614750 49618979 translocation
chr19 27724043 27819325 translocation
chr7 65425128 65426499 translocation
chr15 98115775 98116335 translocation
chr19 33458801 34392655 relocation inconsistency = -17129
chr6 61132303 61322771 translocation
chr5 50484430 50490117 translocation
chr20 29211418 29215336 translocation
chr14 26673318 26679039 translocation
chr6 65754569 68289066 translocation
chr7 145412971 145413491 translocation
chr8 103738556 103739529 translocation
chr6 73563810 79375188 translocation
chr7 54419371 54420575 translocation
chr10 61040491 61041854 translocation
chr6 94031695 95020788 translocation
chr14 82675087 82676252 translocation
chr8 119498398 119499207 translocation
chr6 156037741 157310609 relocation inconsistency = -20469
chr6 157310537 157312027 relocation inconsistency = -9430
chr6 160219097 160639290 relocation inconsistency = 11037
chr6 167554659 167591393 relocation inconsistency = 49413
chr21 8565778 8580841 translocation
chr5 177659126 177920465 relocation inconsistency = 1735764
chr4 49708344 49711943 relocation inconsistency = 551022
chr4 50262966 50275015 relocation inconsistency = 843008
chr2 73792537 83341377 relocation inconsistency = 9788
chr2 34511501 36183784 relocation inconsistency = 40730
chr19 54764474 55712952 relocation inconsistency = 14830
chrX 144210184 144425606 relocation inconsistency = 46766
chr21 9246441 9251287 translocation
chr12 37269416 37333222 relocation inconsistency = 27725
chr12 37239482 37240013 relocation inconsistency = 1567955
chr12 35666006 35671526 relocation inconsistency = -560284
chr12 35111692 35116675 relocation inconsistency = 603719
chr12 35720395 35725876 relocation inconsistency = -546685
chr10 39562278 39569238 relocation inconsistency = 1304068
chr10 40873307 40876009 relocation inconsistency = -371776
chr10 40514546 40517497 relocation inconsistency = 20706
chr10 40538204 40547402 relocation inconsistency = -38708
chr10 40508695 40520663 relocation inconsistency = -246251
chr22 16401767 16409442 translocation
chr10 38573496 38583491 relocation inconsistency = 39642
chr10 38526026 38529907 relocation inconsistency = -8508
chr10 38526026 38529907 relocation inconsistency = -8780
chr10 38527316 38527900 relocation inconsistency = -18835
chr18 15407140 15410889 translocation
chr9 43178094 43187565 translocation
chr21 12975297 12988375 translocation
chr2 94515408 94520852 translocation
chr16 34158772 34170099 translocation
chr20 30848044 30898209 relocation inconsistency = 1032491
chr20 29807256 29815552 translocation
chr7 31501208 31507224 translocation
chr20 30831824 30837665 translocation
chr9 63797673 63827018 translocation
chr20 26443361 26484762 relocation inconsistency = -24474
chr20 26460289 26489540 relocation inconsistency = -35693
chr20 26453848 26476222 relocation inconsistency = 96191
chr20 26572414 26578723 relocation inconsistency = -135628
chr20 26465926 26497776 relocation inconsistency = -54734
chr20 26443043 26584375 relocation inconsistency = -133165
chr20 26454195 26471296 relocation inconsistency = 68063
chr21 10567149 10814560 translocation
chr20 28898106 28903057 relocation inconsistency = 938866
chr20 29903290 29905024 translocation
chr19 23532840 23534392 translocation
chr16 34201313 34205011 translocation
chr20 29851331 29855345 translocation
chr22 12521775 12523884 translocation
chr20 28831422 28832104 translocation
chr21 7272876 7278516 translocation
chrY 11988626 11994466 translocation
chr19 27307882 27310962 translocation
chr20 28862543 28867295 translocation
chr21 5336257 5340424 translocation
chr20 28898553 28905934 translocation
chr21 7199528 7252960 relocation inconsistency = 1936775
chr22 21188077 21284457 relocation inconsistency = 61499
chr1 143506597 143539310 translocation
chr7 61065908 61072161 translocation
chr1 125156770 125157449 translocation
chr7 60937045 60944207 translocation
chr1 54232589 54234379 translocation
chr7 58073729 58090002 translocation
chr22 12312641 12329914 translocation
chr21 7204719 7212666 translocation
chr22 12367386 12438690 translocation
chr20 28883947 28884853 translocation
chr21 7267052 7267747 translocation
chr7 57906981 57913486 translocation
chr20 28864449 28867223 relocation inconsistency = 23502
chr20 28835786 28839273 translocation
chr16 34201373 34210178 translocation
chr20 28885192 28885702 translocation
chr19 8896565 15707370 relocation inconsistency = -14867
chr19 8778940 8896593 relocation inconsistency = 11608
chr19 8760919 8767331 relocation inconsistency = -7468
chr19 8301680 8768386 relocation inconsistency = 14850
chr15 17502108 17505824 translocation
chr21 10765223 10770529 translocation
chr22 12389754 12405075 translocation
chr21 10788486 10814560 relocation inconsistency = 2827162
chr21 7957690 7961323 translocation
chr20 28885192 28885702 translocation
chr6 87238695 87240363 translocation
chr21 10759197 10761620 relocation inconsistency = 3539072
chr21 7213979 7220124 translocation
chr20 28830010 28837199 translocation
chr21 10747414 10749177 translocation
chr20 28880459 28885664 translocation
chr21 7268362 7271716 translocation
chr9 64944682 64949445 translocation
chr20 28898106 28907661 translocation
chr15 17055753 17077475 translocation
chr22 12373068 12409135 translocation
chr21 5333309 5336466 translocation
chr8 101678843 101684079 translocation
chr21 7243413 7245504 translocation
chr13 16268096 16276473 translocation
chr1 120461102 120462230 relocation inconsistency = 103893156
chr14 24015052 27789412 relocation inconsistency = 42481
chr14 23948148 23972570 relocation inconsistency = -77146
chr14 24010411 24025293 relocation inconsistency = 37121
chr4 151420401 154157047 translocation
chr3 170936420 170939078 translocation
chr4 49176078 49179986 translocation
chr20 30663928 30676257 translocation
chr21 10768183 10780445 relocation inconsistency = 3550678
chr21 7211341 7217504 translocation
chr13 18794169 18839253 relocation inconsistency = 19478
chr13 18653028 18774690 translocation
chr18 14406114 14429749 translocation
chr17 21814104 21984549 translocation
chr7 63009766 63016520 relocation inconsistency = -22373
chr7 63009766 63016520 translocation
chr17 21814104 21825839 relocation inconsistency = 18253
chr16 32426354 32427873 translocation
chr6 55909314 55910704 translocation
chr22 16382338 16437285 translocation
chr12 43334 1088750 translocation
chr9 33828 38937 translocation
chr10 83338032 83340502 translocation
chr1 144085629 144106541 relocation inconsistency = -17287
chr5 34178827 34197343 relocation inconsistency = 36297616
########################################
Total Misassemblies:	 1107
Total relocations:	 535
Total translocations:	 517
Total inversions:	 55
########################################

