chr21 43262797 44199301 relocation inconsistency = 40006
chr21 40033182 41474023 inversion
chr21 40028843 40033181 inversion
chr8 43655620 43937999 relocation inconsistency = 2005862
chr8 63092061 84962077 relocation inconsistency = -9569
chr8 84952509 84953046 translocation
chrX 151204363 151204879 translocation
chr8 85657386 85660228 relocation inconsistency = 128855
chr1 155875221 161536000 relocation inconsistency = 81424
chr1 187497598 196742574 relocation inconsistency = 84615
chr10 26893470 38311359 translocation
chr5 156658674 156665917 translocation
chr2 73810522 76299372 relocation inconsistency = 9785
chr2 34511501 36183752 relocation inconsistency = 40730
chr11 54926068 56708338 relocation inconsistency = -11026
chr11 58051632 61227732 relocation inconsistency = 18832
chr11 66252413 67831588 translocation
chr16 33952575 33958610 translocation
chr11 3457548 3465916 relocation inconsistency = 64371685
chr11 70803362 70955696 relocation inconsistency = 96369
chr11 86169422 87978200 relocation inconsistency = 23769
chr4 10232944 14923059 relocation inconsistency = 23307
chr4 9475253 10209636 relocation inconsistency = 24408
chr4 9340083 9450844 relocation inconsistency = 183639
chr4 8816478 9156428 relocation inconsistency = 18264
chr4 4150258 7864164 relocation inconsistency = 30203
chr3 92488125 92489953 relocation inconsistency = 1227401
chr3 122934008 125766909 translocation
chr12 8393430 8396314 translocation
chr3 181475039 187418139 inversion
chr3 187418142 187424422 inversion
chr3 187424420 191505793 relocation inconsistency = 112774
chr13 113723021 113982944 relocation inconsistency = 49243
chr13 111843442 112972801 translocation
chr5 129146336 129147181 translocation
chr13 111789117 111793420 relocation inconsistency = 85261
chr13 86269523 97339106 relocation inconsistency = 46633
chr9 69281556 70701801 relocation inconsistency = 17993
chr9 80660149 81911762 relocation inconsistency = 14896
chr12 86857790 123443530 inversion
chr12 86847818 86857789 inversion
chr9 41258467 41259194 relocation inconsistency = 21554889
chrX 135861179 137315539 relocation inconsistency = 103846
chrX 135717413 135757332 relocation inconsistency = 8684
chrX 135766017 135774840 relocation inconsistency = 40033
chrX 120979498 122741686 relocation inconsistency = 100116
chrX 116595567 117424175 relocation inconsistency = 33878
chrX 115886137 116557779 relocation inconsistency = 28989
chrX 115843584 115857147 relocation inconsistency = 117991
chrX 114331239 115725592 relocation inconsistency = 44217
chrX 108775060 113299799 relocation inconsistency = -9719
chrX 104082053 108775064 translocation
chr13 53093693 53096099 translocation
chrX 103969085 104085021 relocation inconsistency = 15242
chrX 76148981 76218348 inversion
chrX 76146129 76148980 inversion
chr1 73129298 75377083 relocation inconsistency = -82505580
chr1 155627625 155634877 relocation inconsistency = 82497370
chr1 72346158 73130254 relocation inconsistency = 45516
chr1 26646432 29552233 inversion
chr1 26641623 26646431 inversion
chr1 19061421 22577943 translocation
chr21 43336009 43337098 translocation
chr14 27794750 34547855 relocation inconsistency = -7189
chr14 34547856 34554419 inversion
chr14 49023146 50238635 relocation inconsistency = 118490
chr14 105113246 105577088 relocation inconsistency = 120296
chr14 105698350 106075078 translocation
chr12 95155792 95156457 translocation
chr14 105956129 105958758 relocation inconsistency = 799336
chr14 106758478 106766052 relocation inconsistency = -305428
chr14 106463685 106471262 relocation inconsistency = -256867
chr14 106218132 106223072 relocation inconsistency = 547294
chr14 106770367 106771794 translocation
chr16 32070256 32074380 translocation
chr14 106112755 106324001 relocation inconsistency = 25028
chr14 106349030 106730566 relocation inconsistency = 47007
chr3 90796915 90804828 relocation inconsistency = 75783
chr3 90479384 90564713 relocation inconsistency = 74404
chr3 90402159 90403569 relocation inconsistency = -8497
chr3 90407335 90410546 relocation inconsistency = -75060
chrY 10208 44821 relocation inconsistency = 67660
chrY 109396 110083 relocation inconsistency = 128186
chrY 1367792 1465428 relocation inconsistency = 40732
chrY 1735256 1949345 translocation
chrX 2320498 3861497 relocation inconsistency = 76896
chrX 23982667 37085008 relocation inconsistency = 193048
chrX 47089411 48396305 relocation inconsistency = -29313
chrX 48396306 48399119 inversion
chrX 49017589 49316537 relocation inconsistency = 257885
chrX 49574423 50228964 relocation inconsistency = 46274
chrX 50278965 51692963 relocation inconsistency = -24848
chrX 51692964 51700363 inversion
chrX 51700364 52502217 relocation inconsistency = -13017
chrX 52489203 52510671 inversion
chrX 52510824 55480141 relocation inconsistency = -26612
chrX 55480142 55493063 inversion
chrX 56764846 58486188 relocation inconsistency = 19489
chr1 206409764 207523599 relocation inconsistency = 18571
chr1 207542171 211003765 translocation
chrX 56337901 56339273 translocation
chr9 112798244 112800376 translocation
chr1 247894351 248519266 inversion
chr1 248519266 248528795 inversion
chr9 104149021 113081588 relocation inconsistency = -17713
chr9 114329008 123979102 inversion
chr9 123979107 123991042 inversion
chr9 123991039 130958919 translocation
chr21 43335989 43337230 translocation
chr4 87937548 90675647 inversion
chr4 87926012 87937547 inversion
chr4 69400528 70330784 relocation inconsistency = 108936
chr4 58921394 65936763 relocation inconsistency = 42184
chr4 51794807 51806064 relocation inconsistency = 90393
chr4 51698518 51704363 relocation inconsistency = 1109624
chr4 50581592 50588008 translocation
chr2 4733732 4739762 translocation
chr4 51232590 51241889 translocation
chr9 13042431 13043903 translocation
chr5 38627085 38629417 translocation
chr4 49733806 49740222 relocation inconsistency = -818502
chr7 100957472 100999972 relocation inconsistency = -25842
chr7 100952549 100957436 relocation inconsistency = 8726
chr7 100973113 100976115 inversion
chrY 57216449 57217312 translocation
chr18 67453985 68535095 relocation inconsistency = -20382
chr18 47023505 47025860 relocation inconsistency = 53592
chr1 123232611 123237727 relocation inconsistency = 534516
chr1 122691814 122698094 relocation inconsistency = 924960
chr1 121758423 121761819 translocation
chr19 25425699 25432159 relocation inconsistency = -162995
chr19 25581423 25588681 translocation
chr1 121758086 121762707 relocation inconsistency = -1903174
chr1 123654493 123660640 relocation inconsistency = -175726
chr1 123822278 123830218 relocation inconsistency = 639788
chr1 123176017 123182489 translocation
chr5 49612105 49618938 relocation inconsistency = 2395312
chr5 47203355 47217186 translocation
chr16 37071089 37077215 translocation
chr1 123530883 123536189 translocation
chr5 47291266 47300585 relocation inconsistency = 62900
chr5 47213251 47228365 translocation
chr19 24893412 24898308 translocation
chr7 61960599 61963481 translocation
chr19 27337883 27340209 translocation
chr5 46789381 46790422 relocation inconsistency = 354166
chr12 26720 36089 translocation
chr1 45098931 45101392 relocation inconsistency = 45063505
chr1 34045 35141 translocation
chr20 63841 1582205 relocation inconsistency = 33057
chr20 1615263 1877073 relocation inconsistency = -12043
chr20 20357335 23988313 translocation
chr22 20687706 20688675 translocation
chr20 25601757 25797210 relocation inconsistency = 62042
chr6 32546086 32546622 translocation
chr8 106791985 106793860 translocation
chr18 5085683 5088867 translocation
chr6 32501026 32501651 translocation
chrX 72733185 72734156 translocation
chr6 32513387 32531449 relocation inconsistency = -62097
chr6 32573000 32575483 relocation inconsistency = 86090
chr6 32046128 32486909 relocation inconsistency = 32854
chr6 31320935 32013273 relocation inconsistency = 9664
chr1 814792 1632457 relocation inconsistency = 67159
chr2 141639010 151599068 relocation inconsistency = 10552
chr2 159104557 168871360 relocation inconsistency = 95385006
chr2 63706916 63708696 relocation inconsistency = 105158412
chr2 239643442 240685789 relocation inconsistency = -13479
chr2 240685790 240688966 inversion
chr12 59552852 60018564 relocation inconsistency = 10705
chr12 40504829 41844268 relocation inconsistency = -12474
chr12 37973022 40146835 relocation inconsistency = -7678
chr12 37621849 37692239 relocation inconsistency = 7611
chr1 93876139 103667876 relocation inconsistency = 94151
chr1 103762028 108310649 relocation inconsistency = -89029
chr1 108310651 108383728 inversion
chr1 108383730 109685187 relocation inconsistency = 18453
chr1 109703641 110120576 translocation
chr15 45462147 45463587 translocation
chr1 112295044 119927959 relocation inconsistency = 150145
chr1 123787410 123790451 relocation inconsistency = -1085133
chr1 122705319 122714050 relocation inconsistency = -45554
chr1 122668511 122676631 relocation inconsistency = -131924
chr1 122544839 122553917 translocation
chr5 47683343 47690454 relocation inconsistency = -411924
chr5 47278531 47285750 translocation
chr19 27724043 27819325 translocation
chr7 65425128 65426499 translocation
chr12 33335902 33336472 translocation
chr19 33458801 34392655 relocation inconsistency = -17221
chr6 61333200 61334747 relocation inconsistency = 28858
chr6 61363606 61367614 translocation
chr14 26673320 26679039 translocation
chr6 61378583 61429238 relocation inconsistency = -105403
chr6 61323836 61330105 relocation inconsistency = 105069
chr6 65754637 68289066 translocation
chrX 66970332 66970861 translocation
chr8 103738556 103739529 translocation
chr6 73563813 79375188 translocation
chr7 54419371 54420575 translocation
chr10 61040491 61041854 translocation
chr6 94031695 95020788 translocation
chr14 82675561 82676313 translocation
chr6 160219097 160609146 relocation inconsistency = 11073
chr6 167554659 167591393 relocation inconsistency = 49413
chr19 54764474 55712961 relocation inconsistency = 14830
chr19 8896565 15707370 relocation inconsistency = -14823
chr19 8786817 8896593 relocation inconsistency = 18414
chr19 8753432 8755292 relocation inconsistency = -14923
chr19 8301680 8768354 relocation inconsistency = 14850
chr14 24015052 27789412 relocation inconsistency = 42481
chr14 23948148 23972570 relocation inconsistency = -77146
chr14 24010411 24025293 relocation inconsistency = 37121
chr4 151420401 154157047 translocation
chr3 170936420 170939078 translocation
chr20 47894719 48870681 relocation inconsistency = -14421
chr12 43334 197208 translocation
chr9 33828 38937 translocation
chr10 83338032 83340502 translocation
chr11 42946330 46722078 relocation inconsistency = -8190
chr11 18942872 24919136 relocation inconsistency = -22277
chr11 7813729 9047060 translocation
chr1 98877873 98881198 translocation
chr11 4952102 7815556 relocation inconsistency = 8354
chr11 4332135 4943747 relocation inconsistency = 96775
chr11 3338484 4235359 relocation inconsistency = 45817
chr11 1939857 3292666 relocation inconsistency = 22593
chr11 1894043 1915729 inversion
chr11 1915726 1939667 relocation inconsistency = 21678
chr11 317945 995715 inversion
chr11 311837 317944 inversion
chr1 2685139 2688517 relocation inconsistency = 57780
chr5 22215595 29069210 relocation inconsistency = -8897
chr17 32087679 36178397 relocation inconsistency = 2015954
chr8 304150 1395434 relocation inconsistency = 12470
chr8 1889943 2307992 relocation inconsistency = 15745
chr8 2323738 2397989 relocation inconsistency = 15745
chr8 6299769 7003115 relocation inconsistency = 19094
chr8 7022210 7194427 relocation inconsistency = 881900
chr5 156061937 170834218 relocation inconsistency = 14111
chr10 128464362 128583487 relocation inconsistency = -25623
chr10 122608360 123292210 relocation inconsistency = 8118
chr10 122599112 122600241 relocation inconsistency = 12714
chr10 111242341 122586397 relocation inconsistency = -7289
chr11 101703561 118423111 relocation inconsistency = 8498
chr16 15795 1238837 relocation inconsistency = -9653
chr16 1238838 1247503 inversion
chr5 64477135 65172431 inversion
chr5 64470883 64477134 inversion
chr5 95212568 99399047 translocation
chr13 41483970 41484788 translocation
chr15 41558962 43623158 relocation inconsistency = 99782
chr5 17598466 17812408 relocation inconsistency = 67917
chr5 17518460 17530548 relocation inconsistency = -8504
chr5 17519013 17529983 relocation inconsistency = -11483
chr5 4190129 7262719 translocation
chr4 8759041 8759575 relocation inconsistency = 26442576
chr4 35202152 35203276 translocation
chr5 778076 1644437 relocation inconsistency = 92068
chrX 62471068 62481600 relocation inconsistency = -8226
chr22 48985728 49973865 translocation
chr4 70500675 70501233 translocation
chr22 38644316 40398266 relocation inconsistency = -10125
chr22 23994642 25820046 inversion
chr22 23973750 23975107 relocation inconsistency = 10677
chr22 23987123 23991567 relocation inconsistency = 45541
chr22 23935473 23936054 translocation
chr7 77305693 77307173 translocation
chr22 23979096 23979784 relocation inconsistency = -30341
chr22 23969111 24005868 relocation inconsistency = 37153
chr22 23510406 23931957 translocation
chr19 41036045 41037073 translocation
chr9 129429537 129442110 translocation
chr1 230984527 230985152 translocation
chrX 72733184 72734156 translocation
chr9 129442924 129444290 translocation
chr15 97629102 97630135 translocation
chr22 22398251 23510457 relocation inconsistency = 40565
chr22 22348903 22353480 relocation inconsistency = -49351
chr17 38305943 41265828 relocation inconsistency = 10305
chr17 43235939 43237324 relocation inconsistency = 83255
chr17 43303697 43304238 relocation inconsistency = -12983
chrX 153075613 153106016 inversion
chrX 153149742 153293927 relocation inconsistency = -43695
chrX 153250233 154182444 relocation inconsistency = 112066
chrX 154294511 154591327 relocation inconsistency = -35445
chrX 154591328 154613096 inversion
chr12 9479110 9480318 translocation
chrX 42888394 42891347 translocation
chr12 9579441 10434194 relocation inconsistency = 15450
chr12 13397635 17774389 inversion
chr12 17774390 17855572 inversion
chr4 49505914 49516710 relocation inconsistency = 215271
chr7 144285532 149943200 relocation inconsistency = 98583
chr7 143700805 144186948 relocation inconsistency = -350904
chr7 143836045 143850969 relocation inconsistency = 225071
chr7 142506481 142510139 relocation inconsistency = -20021
chr7 142342133 142343273 relocation inconsistency = -10551
chr17 26876851 26880254 relocation inconsistency = 45437
chr17 26937735 26938274 translocation
chr10 38911901 38913438 translocation
chr17 26936186 26938679 relocation inconsistency = -14480
chr17 28455930 30621881 inversion
chr19 43213560 43679788 relocation inconsistency = 268373
chr19 39904791 42945186 relocation inconsistency = 16491
chr19 38788125 39888299 inversion
chr19 38774675 38788025 inversion
chr17 81249462 81742542 relocation inconsistency = 49653
chr7 35186989 38264851 relocation inconsistency = -16102
chr9 66290513 66291334 translocation
chr3 113024278 113025236 translocation
chr7 61448442 61474456 relocation inconsistency = 330597
chr17 356058 448188 relocation inconsistency = 38925
chr1 224039669 228556391 relocation inconsistency = 76558
chr12 35205861 35209705 relocation inconsistency = 1966786
chr12 37176492 37183778 relocation inconsistency = 2342056
chr12 34829239 34834042 relocation inconsistency = 31045
chr12 34780691 34813175 relocation inconsistency = 61283
chr7 67203777 70955983 inversion
chr7 70961200 70973899 inversion
chr12 8218311 8417010 translocation
chr4 8974674 8979896 translocation
chr17 21659782 21684303 relocation inconsistency = 357758
chr17 22385271 22389249 relocation inconsistency = 18157
chr20 30456078 30486744 translocation
chr22 12413370 12422516 translocation
chr20 28957520 28959178 translocation
chr21 5268613 5272001 translocation
chr22 12517547 12522220 translocation
chr21 12980508 12987203 translocation
chr22 12368316 12371946 relocation inconsistency = 3684779
chr22 16056816 16064724 translocation
chr20 29854625 29857962 translocation
chr15 17021303 17027681 translocation
chr16 34202451 34205675 translocation
chr12 43227742 43233742 translocation
chr8 59535189 59538978 translocation
chr22 16075750 16081126 translocation
chr20 29704191 29713731 relocation inconsistency = 226403
chr20 29940135 29942846 relocation inconsistency = -1060767
chr20 30994082 30999708 relocation inconsistency = -17413
chr5 46146330 46435293 relocation inconsistency = 176369
chr5 46617264 46618518 relocation inconsistency = 22348
chr5 46589894 46590853 relocation inconsistency = -127426
chr18 69450597 69455075 translocation
chr16 34276788 34288558 relocation inconsistency = -12537
chr20 28575024 28624744 relocation inconsistency = -899381
chr20 29443234 29451696 translocation
chr1 43114528 43115686 translocation
chr4 103188373 103190567 translocation
chr10 133631557 133640420 translocation
chr4 56362781 56366995 translocation
chr20 30593332 30594543 translocation
chrX 152835311 152841384 translocation
chr14 23697889 23698768 translocation
chr3 75708770 75745135 translocation
chr11 89797258 89816756 inversion
chr11 89816757 90027834 inversion
chr4 49575006 49583118 translocation
chr9 62838288 62856159 translocation
chr15 18148812 18160713 relocation inconsistency = -10240
chr15 18150474 18178764 relocation inconsistency = -693015
chr15 17485750 17490499 translocation
chr21 10783850 10784412 translocation
chr20 28803905 28808677 translocation
chr21 7274631 7301215 translocation
chr22 12412619 12422932 translocation
chr15 17077430 17082916 translocation
chr20 28886382 28886904 translocation
chr10 39441732 39445263 translocation
chrX 62580885 62588290 translocation
chr20 28834998 28837125 translocation
chr22 11362968 11369690 translocation
chr20 28869767 28872315 relocation inconsistency = 8723
chr20 28888500 28890335 translocation
chr15 17011755 17012402 relocation inconsistency = -448877
chr15 17427847 17460631 relocation inconsistency = 330192
chr15 17095855 17096512 translocation
chr20 28728977 28731622 translocation
chr22 12977538 12986105 translocation
chr21 10712591 10716300 translocation
chrX 62535112 62535673 translocation
chr22 13242077 13243032 translocation
chr20 29698079 29711435 translocation
chr7 80713113 80719156 relocation inconsistency = 19605302
chr7 61106576 61107810 translocation
chr20 29701428 29703288 relocation inconsistency = 430343
chr20 30133632 30152276 translocation
chr5 46412169 46413856 translocation
chr20 29899009 29899570 relocation inconsistency = 686469
chr5 46816137 46818327 relocation inconsistency = -17405
chr5 46822245 46824874 relocation inconsistency = -174206
chr5 46992716 46996450 relocation inconsistency = 175059
chr5 46796826 46817656 relocation inconsistency = -13629
chr5 46800979 46811798 relocation inconsistency = -95961
chr5 46880313 46896939 relocation inconsistency = -34887
chr5 46876590 46914892 relocation inconsistency = 164975
chr5 47094239 47106894 translocation
chr13 107920622 107926694 translocation
chr5 47085108 47087259 translocation
chr19 27273490 27280536 translocation
chr2 94507886 94510207 translocation
chr8 115753174 115759166 translocation
chr19 27263121 27264615 translocation
chr6 124706856 124712826 translocation
chr5 47091539 47095903 relocation inconsistency = 2734324
chr9 40906432 40907245 translocation
chr2 132360804 132361982 translocation
chr3 75119862 75125879 translocation
chr21 7112673 7115244 translocation
chr6 39766865 39767500 translocation
chr21 7643967 7652429 relocation inconsistency = 1266708
chr21 6252545 6377258 relocation inconsistency = -45417
chr21 6331842 6336895 relocation inconsistency = 1213995
chr21 7550891 7692964 relocation inconsistency = 478692
chr21 8221484 8256358 translocation
chr16 72695351 74372140 relocation inconsistency = 2584997
chr8 9771918 12018005 translocation
chr12 8393385 8396314 translocation
chr20 29890344 29900750 relocation inconsistency = 37679
chr20 29938430 29946893 translocation
chr4 163207015 163212958 translocation
chr2 132229386 132231335 translocation
chr14 16347205 16366163 translocation
chr20 26282285 26287205 translocation
chr21 10714454 10716534 translocation
chr13 63028412 63074889 translocation
chr7 57564574 57576890 translocation
chr21 9527144 9616911 translocation
chr21 10453096 10458142 translocation
chr7 77039593 77066861 relocation inconsistency = 28072
chr15 20571776 20689298 relocation inconsistency = 569056
chr15 19638510 19642657 relocation inconsistency = -81103
chr15 19564776 19566294 relocation inconsistency = -1211186
chr15 18355109 18360251 translocation
chr16 36316605 36320802 translocation
chr22 15967585 15968176 translocation
chr2 97525459 97531534 translocation
chr20 28545516 28546203 relocation inconsistency = 80254
chr20 28626724 28646195 translocation
chr9 40981521 41006006 relocation inconsistency = 22822074
chr9 63828081 63833510 inversion
chr9 63823164 63826100 relocation inconsistency = 22585247
chr15 18362807 18363772 relocation inconsistency = -685850
chr15 19041287 19048656 relocation inconsistency = 735029
chr1 13224059 13266289 relocation inconsistency = 31187
chr22 12189938 12200147 translocation
chr4 49304242 49318595 relocation inconsistency = 25641
chr7 62506780 62511376 relocation inconsistency = 3049003
chr7 59452605 59457608 relocation inconsistency = -2520570
chr7 61967069 61973040 relocation inconsistency = 2511046
chr7 59449522 59455935 relocation inconsistency = 1239432
chr7 58202760 58210089 relocation inconsistency = -1557461
chr7 59755540 59760220 relocation inconsistency = -1003698
chr15 24422744 28197310 relocation inconsistency = 166034
chr21 7955931 7956788 translocation
chr20 28728975 28751119 translocation
chr21 5387191 5389700 translocation
chr20 28790159 28842416 relocation inconsistency = 296285
chr20 29156485 29157020 relocation inconsistency = 18620
chr20 29183954 29184598 relocation inconsistency = -7639
chr20 29193860 29194505 relocation inconsistency = -336960
chr20 28897229 28955819 relocation inconsistency = 56471
chr21 10430586 10435322 relocation inconsistency = 35474
chr22 10777758 10783833 relocation inconsistency = 272651
chr16 34613810 34659043 relocation inconsistency = 234232
chr16 36017690 36260380 relocation inconsistency = -188460
chr16 36071926 36077950 relocation inconsistency = 232947
chr16 36324362 36325027 inversion
chr16 36319487 36326196 relocation inconsistency = 1940164
chr16 38266450 38267640 relocation inconsistency = 534138
chr16 37722908 37732311 relocation inconsistency = 20723
chr16 37696202 37702184 relocation inconsistency = 3407307
chr9 39286875 39409424 relocation inconsistency = 2828033
chr21 9019041 9024953 translocation
chrY 11083605 11139572 translocation
chr22 18896129 18896990 translocation
chr21 10269869 10272481 relocation inconsistency = 50148
chr22 11279198 11332155 translocation
chr20 29812782 29853542 translocation
chrX 62564237 62568397 relocation inconsistency = 14675794
chrX 77244271 77250292 translocation
chr9 40894840 40899393 translocation
chr20 29855207 29884750 relocation inconsistency = -1329295
chr9 40908469 40910204 translocation
chr3 185562551 185571727 translocation
chr22 15583601 15933617 translocation
chr14 16590536 16597734 translocation
chr22 13868158 13882703 translocation
chr14 16777748 16784405 relocation inconsistency = -48759
chr14 16817526 16826506 translocation
chr2 94177431 94181364 translocation
chr12 34066834 34072843 translocation
chr2 132242910 132246395 translocation
chr20 30592122 30761898 translocation
chr22 11831858 11839490 translocation
chr9 41333708 41349689 translocation
chr21 13984111 13985463 translocation
chr15 20815690 20820994 translocation
chr3 77778851 77788795 translocation
chr19 21688202 21688712 translocation
chr12 42083371 42085939 translocation
chr9 64485203 64491661 relocation inconsistency = 716725
chr9 63755322 63768476 translocation
chr4 45012896 45014438 translocation
chr9 41238505 41287221 relocation inconsistency = 22525569
chr9 63812791 63823101 translocation
chr11 62326601 62327561 translocation
chr20 30364387 30425128 relocation inconsistency = 1738893
chr20 28615592 28617990 relocation inconsistency = 1532483
chr20 30107996 30153866 relocation inconsistency = 130093
chr20 29909944 29977902 relocation inconsistency = -45814
chr20 29888898 29917304 relocation inconsistency = 573568
chr20 29452179 29562970 relocation inconsistency = 738403
chr20 30318812 30321314 relocation inconsistency = 434061
chr20 29565354 29884750 translocation
chr9 63823397 63824504 translocation
chr1 121397177 121624102 relocation inconsistency = 84624
chr21 10360053 10366014 translocation
chr21 8830231 8831060 translocation
chrY 11094659 11113556 translocation
chr4 19034 68710 relocation inconsistency = 190038545
chr5 179655176 181290023 inversion
chr5 179637372 179658566 inversion
chr2 94140558 94189487 relocation inconsistency = -18015
chr2 94149152 94158572 relocation inconsistency = -16991
chr2 94145318 94155336 relocation inconsistency = -9853
chr2 94145321 94159757 relocation inconsistency = -18700
chr2 94142958 94162079 relocation inconsistency = -21760
chr2 94140562 94164560 relocation inconsistency = -23455
chr2 94140558 94150984 relocation inconsistency = 1532621
chr2 92604486 92607733 relocation inconsistency = 355705
chr2 92239019 92245380 relocation inconsistency = -1921282
chr2 94140558 94161185 relocation inconsistency = 1896469
chr2 92241939 92244088 relocation inconsistency = -1915844
chr2 94140561 94157782 relocation inconsistency = -21415
chr2 94152003 94161975 relocation inconsistency = -14614
chr2 94143217 94144970 relocation inconsistency = -15635
chr2 94152666 94159145 relocation inconsistency = -12578
chr2 94140561 94165243 relocation inconsistency = -10874
chr2 94140708 94151434 relocation inconsistency = -20031
chr2 94148606 94160569 relocation inconsistency = -12580
chr2 94140558 94161185 relocation inconsistency = -13936
chr2 94145015 94154493 relocation inconsistency = 1953377
chr2 92190777 92191637 relocation inconsistency = -265026
chr2 92449565 92455054 relocation inconsistency = 423281
chr2 92878537 92879195 relocation inconsistency = 634040
chr2 92239944 92244294 relocation inconsistency = -1926715
chr2 94150916 94166658 relocation inconsistency = 1901227
chr2 92235151 92249688 relocation inconsistency = -24812
chr2 92252044 92259962 relocation inconsistency = -1903604
chr9 38774635 38863132 relocation inconsistency = 11364
chr1 222508241 223558935 relocation inconsistency = 49170
chrY 56838905 56839408 translocation
chr2 97137581 97156203 relocation inconsistency = 1191329
chr2 95922614 95923520 relocation inconsistency = 60325
chr18 20923332 20941421 relocation inconsistency = 91812
chr18 20815248 20829947 relocation inconsistency = 10758
chr18 20752177 20804489 relocation inconsistency = -13105
chr18 20761487 20765281 relocation inconsistency = 4208083
chr18 16548834 16552165 relocation inconsistency = -2829938
chr22 11576272 11631288 translocation
chr20 29729000 29742669 relocation inconsistency = -747047
chr20 30474303 30476046 translocation
chr16 34183897 34187666 translocation
chr20 30942747 30943381 relocation inconsistency = 30018
chr20 30975041 30980210 relocation inconsistency = 13782
chr20 30995320 31000852 translocation
chr9 64965964 64968082 translocation
chr8 115753164 115759166 translocation
chr20 29701100 29705227 relocation inconsistency = 1273323
chr20 30978551 30979744 relocation inconsistency = -873499
chr20 30106471 30115410 translocation
chr3 93777983 93783007 translocation
chr11 75748621 75754634 translocation
chr20 29851147 29856215 relocation inconsistency = 641872
chr20 29206210 29208708 translocation
chr7 57881625 57892036 translocation
chr2 192835843 192836770 translocation
chr22 11371132 11377633 translocation
chr20 29861908 29884750 translocation
chr22 21491762 22261550 relocation inconsistency = -71066
chr22 21443090 21562827 relocation inconsistency = 70269
chr18 14649446 14892905 translocation
chr22 10542682 10557740 translocation
chr5 177659126 177920465 relocation inconsistency = 1735766
chr20 28549032 28549776 relocation inconsistency = -12101
chrX 144210184 144425606 relocation inconsistency = 46517
chr21 9246098 9251287 translocation
chr12 37235286 37240944 relocation inconsistency = 2144776
chr12 35082794 35090509 relocation inconsistency = 901970
chr12 35992480 35997777 relocation inconsistency = 596433
chr12 36594211 36607184 relocation inconsistency = -443669
chr12 36163641 36173587 relocation inconsistency = 1061665
chr12 37235855 37237045 relocation inconsistency = 762134
chr10 39572762 39581201 relocation inconsistency = 1890944
chr10 41478151 41479761 relocation inconsistency = -940506
chr10 40542467 40549828 relocation inconsistency = -7466
chr22 16401767 16409442 translocation
chr10 38573496 38583491 translocation
chr22 16355603 16357544 translocation
chr10 38526790 38529907 relocation inconsistency = -8907
chr10 38526776 38529907 relocation inconsistency = -9207
chr10 38526776 38529079 relocation inconsistency = -18985
chr18 15407140 15409975 translocation
chr22 16054363 16064803 translocation
chr21 12975297 12988068 translocation
chr2 94515408 94520852 translocation
chr16 34158951 34170167 translocation
chr20 30848044 30898209 relocation inconsistency = 1032491
chr20 29815540 29821380 translocation
chr9 63823207 63827018 translocation
chr20 26444721 26550075 relocation inconsistency = -104650
chr20 26443002 26586955 relocation inconsistency = -50314
chr20 26536642 26574515 relocation inconsistency = -16254
chr20 26559128 26583497 relocation inconsistency = 181171
chr21 10567149 10814560 translocation
chr14 16113244 16114506 translocation
chr20 28900605 28901171 relocation inconsistency = -51613
chr20 28885167 28887658 relocation inconsistency = 1016390
chr20 29904049 29905024 translocation
chr5 45889943 45891617 translocation
chr20 28884805 28886057 translocation
chr16 34201373 34210178 translocation
chr11 50757336 50757946 translocation
chrY 10431801 10435106 translocation
chr1 84051741 84053760 translocation
chr20 28834092 28834775 translocation
chr10 39423235 39428710 translocation
chr4 163207006 163212929 translocation
chr12 37719154 37720067 translocation
chr20 28836314 28841350 relocation inconsistency = 23822
chr20 28868453 28871650 translocation
chr7 57930114 57931658 translocation
chr20 28898483 28906577 translocation
chr21 7199537 7252960 relocation inconsistency = 1936777
chr22 18753825 18824985 relocation inconsistency = 1678605
chr1 143506597 143539310 translocation
chr7 61065908 61072161 relocation inconsistency = -1245368
chr7 62289469 62295912 translocation
chr17 42972349 42974023 translocation
chr16 36099442 36115568 translocation
chr22 12332130 12339124 translocation
chr7 61617897 61619029 translocation
chr3 99272687 99273758 translocation
chr22 12367386 12438690 translocation
chr20 28886206 28887107 translocation
chr9 40895182 40904132 relocation inconsistency = 2268609
chr9 43172973 43180130 translocation
chr20 28864449 28867223 relocation inconsistency = 23502
chr20 28837604 28840946 translocation
chr5 46321703 46327111 translocation
chr16 34201373 34208264 translocation
chr11 50770174 50773287 relocation inconsistency = 65572978
chr11 116346384 116348063 translocation
chr15 17502108 17505824 translocation
chr21 10765223 10770529 translocation
chr22 12389754 12405075 translocation
chr21 10788486 10814560 relocation inconsistency = 2827162
chr21 7957982 7961323 translocation
chr20 28885192 28885702 translocation
chr6 87238690 87240356 translocation
chr21 10760473 10761620 translocation
chr12 37687795 37691623 relocation inconsistency = 28428
chr12 37655753 37658925 translocation
chr20 28830010 28835147 translocation
chr21 10746159 10749177 translocation
chr20 28859999 28861347 relocation inconsistency = 9440
chr20 28880449 28881301 translocation
chr21 10758682 10765881 relocation inconsistency = 3487689
chr21 7268658 7269962 translocation
chr9 64665113 64671702 translocation
chr20 28905105 28909945 translocation
chr15 17055528 17077475 translocation
chr22 12373455 12409135 translocation
chr21 7265092 7268927 translocation
chr8 101678843 101684079 translocation
chr7 57996723 57999159 translocation
chr21 7243413 7245965 translocation
chr14 16386062 16394463 translocation
chr1 120461102 120462230 relocation inconsistency = 103893156
chr4 49176078 49179986 translocation
chr20 30663928 30676257 translocation
chr21 10768183 10780445 translocation
chr12 37728036 37733970 translocation
chr13 18794047 18839253 relocation inconsistency = 19477
chr13 18653028 18774569 translocation
chr18 14406114 14429749 translocation
chr17 21968729 21970216 relocation inconsistency = 9248
chr17 21980501 21982520 relocation inconsistency = -15894
chr17 21814104 21984549 translocation
chr7 63009766 63016520 relocation inconsistency = 27080829
chr7 35926178 35928936 relocation inconsistency = 27068566
chr7 63009766 63016520 translocation
chr17 21814104 21825839 relocation inconsistency = 18253
chr2 130402977 130451524 relocation inconsistency = 767076
chr16 32426354 32427873 translocation
chr6 55909311 55910704 translocation
chr22 16382338 16437285 translocation
chr5 70770922 70789478 relocation inconsistency = 270662
chr20 29062705 29111619 relocation inconsistency = 404190
chr8 8187901 8224563 relocation inconsistency = 4266169
chr11 48914698 48915114 relocation inconsistency = -8672
chr5 46712814 46751082 relocation inconsistency = 277812
chr19 24330753 24414967 translocation
chr20 29257725 29264385 translocation
chr5 50204110 50208780 translocation
chr10 133686387 133688433 translocation
chr13 17824315 17831509 relocation inconsistency = 113320
chr13 17704889 17710932 relocation inconsistency = 277038
chr13 17420405 17427850 translocation
chr9 40863276 40866429 translocation
chr21 12965809 12998105 translocation
chr9 43186662 43190338 translocation
chr18 15385775 15410173 translocation
chr1 776350 783903 relocation inconsistency = 223222921
chr7 72989536 73007249 relocation inconsistency = 56074
chrY 57212497 57216688 translocation
chr7 62231241 62294432 relocation inconsistency = 55286
chr7 62275023 62343593 relocation inconsistency = 34846
chr7 62378440 62408556 relocation inconsistency = -1361864
chr7 61050219 61050773 relocation inconsistency = 1324742
chr7 62383978 62456779 translocation
chr9 13039828 13043915 translocation
chr22 12881635 12883917 relocation inconsistency = 243039
chr18 14294932 14340396 translocation
chr5 47082081 47089104 relocation inconsistency = 30824
chr5 47119929 47120978 relocation inconsistency = -13623
chr5 47106995 47130043 relocation inconsistency = 8294
chr5 47138338 47142356 relocation inconsistency = -301958
chr5 46849809 46852243 relocation inconsistency = -42882
chr5 46824591 46825599 relocation inconsistency = 73467
chr5 46899067 46903369 relocation inconsistency = 157352
chr22 15964527 15971950 translocation
chr7 106323520 106325518 translocation
chr10 41799896 41801070 translocation
chr22 15977296 15977904 translocation
chr17 26586859 26589315 translocation
chr20 28512410 28518663 translocation
chr5 46964719 46966177 relocation inconsistency = 162827
chr5 47130504 47132584 relocation inconsistency = 425566
chr5 46703723 46704937 relocation inconsistency = 9552
chr5 46689902 46693725 translocation
chr7 140656225 140657361 translocation
chr3 75708770 75719069 translocation
chr22 11447943 11497337 relocation inconsistency = -678713
chr22 12105053 12126655 translocation
chr21 9246114 9333294 translocation
chrY 11294450 11296006 relocation inconsistency = -7338
chr14 17428451 17432105 translocation
chr21 11697075 11700607 relocation inconsistency = -179938
chr21 11520670 11526036 relocation inconsistency = 668411
chr21 12194448 12204298 translocation
chr16 34612398 34619451 translocation
chr4 140413397 140419361 translocation
chr22 15963199 15971241 translocation
chr22 10777758 10781360 relocation inconsistency = 274770
chr6 60826537 60844873 relocation inconsistency = 2754465
chr11 49594619 49715000 inversion
chr11 49715001 49728196 inversion
chr11 49728197 50144741 relocation inconsistency = -31485
chr11 50144742 50333794 inversion
chr11 50760748 50821348 translocation
chrX 62595267 62599549 translocation
chr11 51078349 51090213 relocation inconsistency = 3451180
chr11 54541394 54542810 relocation inconsistency = -132623
chr11 54411278 54425066 relocation inconsistency = -1685856
chr11 52739211 52752180 relocation inconsistency = 1637796
chr11 54392685 54393752 relocation inconsistency = -1324141
chr11 53071094 53079837 relocation inconsistency = -1750386
chr2 97336646 97439618 relocation inconsistency = 68258
chr4 49513510 49514046 translocation
chr18 55829 63669 relocation inconsistency = -53663
chr7 63482966 63766394 relocation inconsistency = -7312
chr21 9562536 9572676 translocation
chr17 21843651 21846203 translocation
chr10 38911789 38913438 translocation
chr17 26820344 26821134 translocation
chr21 7915750 7917994 translocation
chr22 12977426 12986171 translocation
chr20 28728979 28732355 translocation
chr22 13020083 13021322 translocation
chr20 28806215 28827984 translocation
chr21 10768335 10773510 translocation
chrX 62581052 62588126 translocation
chr15 17107927 17113238 translocation
chr7 61271397 61276282 translocation
chr20 28950637 28953917 translocation
chr21 10765360 10770529 translocation
chr15 17014514 17034664 translocation
chr21 10787081 10791676 translocation
chr2 93535598 93540420 relocation inconsistency = 1063183
chr2 92460585 92472339 relocation inconsistency = 206843
chr2 92247900 92253741 relocation inconsistency = -180338
chr2 92420119 92428237 relocation inconsistency = 189178
chr2 92224550 92230546 relocation inconsistency = -29563
chr2 92250693 92254112 relocation inconsistency = -1603047
chr2 93846553 93853739 relocation inconsistency = 1621576
chr2 92215872 92224785 relocation inconsistency = 91635
chr2 92081968 92124221 translocation
chr9 43311965 43328933 translocation
chr2 92066205 92073447 relocation inconsistency = 102671
chr9 64009916 64135013 translocation
chr20 30621931 30657877 translocation
chr21 8767464 8803762 relocation inconsistency = -565483
chr9 63823479 63825145 translocation
chr7 65214388 65258046 translocation
chr22 30066752 30067520 translocation
chr3 186863496 186864452 translocation
chr2 94187943 94190377 relocation inconsistency = 305343
chr10 41693522 41866770 relocation inconsistency = 1812492
chr10 39839236 39881029 relocation inconsistency = -1754286
chr10 41556080 41593521 relocation inconsistency = -37348
chr10 41502771 41518140 relocation inconsistency = 1163433
chr10 40330993 40338918 relocation inconsistency = 245165
chr10 40079726 40085827 relocation inconsistency = 89274
chr13 18171249 18179382 translocation
chr20 28511643 28533070 relocation inconsistency = -24073
chr20 28508998 28556510 relocation inconsistency = -33955
chr22 20075432 20338539 relocation inconsistency = -1919137
chr22 18419403 18422742 relocation inconsistency = 2901610
chr4 49709169 49709672 translocation
chr22 18893849 18895120 relocation inconsistency = 470397
chr22 18418904 18419573 translocation
chr15 20384541 20428827 relocation inconsistency = 8151
chr6 58593304 58596908 translocation
chr3 90697397 90699063 relocation inconsistency = 173389
chr3 90511078 90514196 relocation inconsistency = 567635
chr3 89939077 89942663 relocation inconsistency = -654995
chr3 90593334 90594004 relocation inconsistency = -88973
chr3 90650029 90652824 relocation inconsistency = -15435
chr3 90654296 90655149 translocation
chr6 60230135 60235667 translocation
chr3 90672749 90679144 translocation
chr12 63747179 63748110 translocation
chr3 90664597 90665101 relocation inconsistency = -12904
chr3 90671727 90672330 relocation inconsistency = 13583
chr3 90636055 90642972 relocation inconsistency = -7810
chr3 90645078 90645752 relocation inconsistency = 4099135
chr3 94745472 94751106 relocation inconsistency = 93365085
chr3 188116583 188117521 relocation inconsistency = 97472235
chr3 90637934 90643983 relocation inconsistency = -28005
chr3 90656976 90660829 relocation inconsistency = 139312
chr3 90517020 90517663 translocation
chr1 81390098 81391586 translocation
chr9 79098008 79103878 translocation
chr3 90664097 90664596 relocation inconsistency = 7191
chr3 90633314 90635522 relocation inconsistency = -20392729
chr3 111018718 111024734 relocation inconsistency = 20489404
chr3 90516542 90529310 relocation inconsistency = -131329
chr3 90644745 90647870 translocation
chr6 60240121 60240687 translocation
chr3 90671902 90675049 relocation inconsistency = 11528
chr3 90656875 90658651 relocation inconsistency = -45848
chr3 90699953 90702721 translocation
chr15 39420574 39426569 translocation
chr3 90518323 90527019 translocation
chr12 63747182 63748110 translocation
chr3 90674410 90679145 relocation inconsistency = 132001
chr3 90531971 90542408 translocation
chr6 60238315 60240325 translocation
chr3 90653385 90664028 relocation inconsistency = -13579
chr3 90661037 90669337 relocation inconsistency = 151669
chr3 90505635 90507082 relocation inconsistency = -175667
chr3 90672668 90676998 relocation inconsistency = 8261
chr3 90659310 90659852 relocation inconsistency = -18644
chr3 90655282 90676997 translocation
chr6 60234776 60241207 relocation inconsistency = -14624
chr15 17184717 17187510 translocation
chrX 62585399 62588431 translocation
chr21 10745671 10755994 relocation inconsistency = 11395
chr21 10767914 10770024 translocation
chr15 17013883 17033628 translocation
chr21 10793659 10814560 relocation inconsistency = 2832516
chr21 7959207 7959720 translocation
chr6 87238690 87240362 translocation
chr7 57909699 57911747 translocation
chr12 37656878 37657902 relocation inconsistency = 33901
chr12 37695064 37695791 translocation
chr20 28829671 28836569 relocation inconsistency = 29899
chr20 28868453 28878988 translocation
chr21 7265092 7268573 translocation
chr3 168764458 168769693 translocation
chr7 57991363 57993875 translocation
chr21 7241679 7245504 translocation
chr22 13259406 13266228 relocation inconsistency = 766056
chr21 9246987 9267226 translocation
chr22 16213177 16279672 translocation
chr9 40836909 40841708 translocation
chr22 16017815 16027522 translocation
chr2 94544340 94548923 translocation
chr22 16337600 16342445 translocation
chr16 34660361 34663618 relocation inconsistency = 294360
chr16 34957979 34961523 translocation
chr2 90383078 90383895 relocation inconsistency = 1036980
chr19 16001610 16002536 translocation
chr3 75708770 75745117 translocation
chr21 8778934 8798201 relocation inconsistency = 320226
chr7 57621337 57640574 translocation
chr9 62286161 62290952 relocation inconsistency = 20805572
chr9 41481811 41498991 relocation inconsistency = 24849287
chr9 62266948 62290952 translocation
chr22 10691589 10694955 translocation
chr20 28557054 28621491 translocation
chr12 73008723 73009697 translocation
chr9 63817558 63823110 translocation
chr20 30811899 30842350 translocation
chr1 243055546 243066989 translocation
chrX 149750399 149767247 inversion
chrX 149652865 149750398 inversion
chr1 143208004 143208677 relocation inconsistency = 18035087
chr1 124941210 124977944 relocation inconsistency = 26081
chr1 124860942 124915128 relocation inconsistency = -2489474
chr17 16698972 16747506 relocation inconsistency = 1671759
chr22 13109552 13163677 relocation inconsistency = -23986
chr22 13133332 13138110 translocation
chr20 29246470 29250208 translocation
chr7 61902064 61964169 relocation inconsistency = -3792877
chr21 8773711 8803759 translocation
chr20 30621931 30654497 translocation
chr16 33063138 33082545 relocation inconsistency = 236904
chr16 32798200 32826233 translocation
chrX 58326507 58327566 translocation
chr18 107173 109732 translocation
chr4 190178202 190180052 translocation
chr9 60632901 60642396 relocation inconsistency = -23302
chr9 60620086 60629239 relocation inconsistency = 23480
chr9 60652720 60664723 relocation inconsistency = 18366
chr9 60683090 60685963 relocation inconsistency = -87747
chr9 60598217 60615489 relocation inconsistency = 64796
chr9 60680286 60688430 relocation inconsistency = -10197
chr9 60678234 60682473 relocation inconsistency = 16861106
chr9 43382280 43390986 relocation inconsistency = 297476
chr9 43688463 43693756 relocation inconsistency = 16908334
chr9 60602702 60611800 relocation inconsistency = 26376
chr9 60575362 60576266 relocation inconsistency = -14127
chr2 97534852 97565890 relocation inconsistency = 216683
chr15 20801463 20828116 translocation
chrY 11480998 11487016 translocation
chr9 41307172 41309757 translocation
chr22 16890163 16897942 translocation
chrY 11485699 11486900 translocation
chr7 62231241 62239893 relocation inconsistency = 8678
chr7 62248572 62250033 relocation inconsistency = -427726
chr9 40809554 40815815 relocation inconsistency = 24119961
chr9 64935777 64974777 relocation inconsistency = -24124047
chr3 185562551 185568667 translocation
chr22 11442547 11462650 translocation
chr20 29855920 29859819 translocation
chr22 11362496 11363234 translocation
chr7 61281329 61284908 translocation
chr22 12337003 12338234 translocation
chr20 29212557 29232029 relocation inconsistency = 7070
chr16 33491331 33492107 translocation
chrX 850357 853236 relocation inconsistency = 9941
chrX 863591 864816 translocation
chr2 91494907 91495556 translocation
chrX 987203 988362 relocation inconsistency = 8248
chrX 1003526 1004145 relocation inconsistency = 8310
chrX 1013293 1017828 translocation
chr5 46345519 46347197 translocation
chr20 53858949 53867826 translocation
chr15 20331822 20343762 translocation
chr10 38919298 38927962 translocation
chr17 26822938 26825834 relocation inconsistency = 4949145
chr17 21871574 21872858 translocation
chr21 7926619 8001756 translocation
chr20 28766757 28775814 translocation
chr15 17021336 17033196 translocation
chr20 29213251 29250266 relocation inconsistency = 483481
chr4 49276495 49287616 translocation
chr22 12170972 12175098 translocation
chr5 70485230 70511551 relocation inconsistency = 269089
chr5 70780641 70791369 relocation inconsistency = -20445
chr5 70770936 70791370 relocation inconsistency = 36573591
chr3 75678200 75708756 translocation
chr20 29368734 29370931 translocation
chr3 198122878 198124387 translocation
chr1 878426 883244 translocation
chr22 11296554 11300558 translocation
chr11 16887383 16888947 translocation
chr20 30881589 30882862 relocation inconsistency = 1113890
chr20 29765019 29767698 translocation
chr8 7577998 7579028 translocation
chr9 63823207 63823910 translocation
chr20 28557054 28560964 relocation inconsistency = 3354475
chr20 31917745 31918283 translocation
chr4 186362903 186363897 translocation
chr7 140667195 140668902 translocation
chr21 8666575 8676595 translocation
chr1 181967 184597 translocation
chr19 230245 247124 translocation
chr5 70364985 70379282 relocation inconsistency = 52558
chr7 77046729 77048015 relocation inconsistency = 531272
chr18 105101 107331 translocation
chr5 49612105 49618324 relocation inconsistency = 31553
chr5 49666174 49667195 relocation inconsistency = 63042
chr5 49601515 49603131 relocation inconsistency = 47444
chr5 49657108 49661870 relocation inconsistency = -8383
chr3 91284724 91397667 relocation inconsistency = 446639
chrY 56878943 56888112 translocation
chr1 178315764 178317714 translocation
chr1 16737901 16744902 relocation inconsistency = -141763
chr1 16870487 16879663 relocation inconsistency = 134405
chr15 32607257 32622150 relocation inconsistency = -1989997
chrY 11324041 11327624 translocation
chr22 12589854 12601314 translocation
chr9 40939293 40972452 translocation
chr21 5255778 5258916 relocation inconsistency = 3117761
chr21 8398286 8399814 translocation
chr2 132261144 132261665 translocation
chrY 10624211 10627133 translocation
chr2 183849525 183855469 translocation
chrY 10233965 10235332 translocation
chr20 29884851 29889211 relocation inconsistency = 620422
chr20 29261636 29269152 translocation
chr14 16077737 16082868 translocation
chr20 30459933 30461615 relocation inconsistency = -1186033
chr20 64303951 64315713 translocation
chr9 60518559 60559879 relocation inconsistency = 19586088
chr9 40912714 40932470 relocation inconsistency = 22977524
chr21 9560096 9572676 translocation
chr22 16314011 16409442 relocation inconsistency = 45873
chr6 58383829 58453888 relocation inconsistency = 140609
chr17 26801071 26801688 translocation
chr21 7925458 7949326 relocation inconsistency = -12416
chr21 7950515 7973371 relocation inconsistency = 71476
chr21 8044848 8046246 translocation
chr20 28773605 28776283 translocation
chr15 17031886 17032451 translocation
chr21 5341133 5361810 translocation
chr9 60603730 60609038 relocation inconsistency = -73633
chr5 49599404 49600981 translocation
chr5 49599404 49600986 translocation
chrY 11325443 11326003 translocation
chr5 49599404 49600986 relocation inconsistency = -9807
chr4 49314035 49324047 translocation
chr5 46693164 46701377 relocation inconsistency = 51408
chr11 54348357 54350603 relocation inconsistency = 1955039
chr11 52385775 52395180 relocation inconsistency = 739844
chr22 12802116 12810633 translocation
chr21 7957171 7958049 translocation
chr20 28728976 28745795 translocation
chr5 49337600 49342170 relocation inconsistency = -1445755
chr4 49108107 49110823 relocation inconsistency = 7181
chr22 11845033 11845881 translocation
chr10 133687839 133690424 translocation
chr10 133686377 133687737 translocation
chr12 35696064 35700131 relocation inconsistency = 1033227
chr12 36733456 36739669 relocation inconsistency = -1749717
chr12 34990126 34998822 relocation inconsistency = -106989
########################################
Total Misassemblies:	 1051
Total relocations:	 514
Total translocations:	 486
Total inversions:	 51
########################################

