chr3 187424420 188015036 inversion
chr3 187418148 187424422 inversion
chr11 7813729 8818116 translocation
chr1 98877873 98881198 translocation
chr11 4952102 7815556 relocation inconsistency = 8354
chr11 4332135 4943747 relocation inconsistency = 51357
chr6 103315015 106721331 relocation inconsistency = 25421
chr6 95070795 96194207 translocation
chr8 119498412 119499018 translocation
chr9 109524407 113090806 relocation inconsistency = -10883
chr5 92612609 95215013 relocation inconsistency = -16542
chr4 87937548 90366204 inversion
chr4 87926012 87937547 inversion
chr9 81926659 83877520 relocation inconsistency = 14896
chr9 70719795 74283224 relocation inconsistency = 17993
chr6 44319525 52761829 relocation inconsistency = 41307
chr4 154157044 155349306 translocation
chr3 170936420 170939078 translocation
chr19 12444209 14621532 relocation inconsistency = 39792
chr19 8896565 12404416 relocation inconsistency = -14812
chr19 8787452 8896593 relocation inconsistency = 19059
chr19 8301680 8768392 relocation inconsistency = 14850
chr19 7450480 7451101 relocation inconsistency = -18950
chr19 7061684 7451067 relocation inconsistency = 18457
chr8 127521585 131266446 translocation
chr3 111555239 111556210 translocation
chr12 17656044 17656736 translocation
chr1 248944558 248945506 translocation
chr13 113723021 113984943 relocation inconsistency = 49286
chr13 111843442 112863124 translocation
chr5 129146336 129147181 translocation
chr13 111789117 111793420 relocation inconsistency = 85261
chr13 86269523 95025194 relocation inconsistency = 46794
chr6 79375186 89212034 translocation
chrX 99371231 99372124 translocation
chr7 54419371 54420575 translocation
chrX 42888394 42891347 translocation
chr12 9579441 10434194 relocation inconsistency = 15450
chr12 11055088 11098150 relocation inconsistency = -60904
chr12 11038782 11039845 relocation inconsistency = 25617
chr12 13397635 17774389 inversion
chr12 17774390 17855572 inversion
chr11 94232895 101696031 relocation inconsistency = 8498
chr11 104047741 107361814 relocation inconsistency = 10948
chrX 73087252 76146128 inversion
chrX 76146129 76148980 inversion
chrX 85745897 101602193 inversion
chrX 101602194 101611599 inversion
chr1 224040913 228556391 relocation inconsistency = 74317
chr1 166239984 166242381 translocation
chrX 104082053 106278366 relocation inconsistency = -12070
chrX 106278367 106287994 inversion
chrX 106287995 108775064 relocation inconsistency = -9470
chrX 108775060 114281198 relocation inconsistency = 44345
chrX 114331199 115725592 relocation inconsistency = 117991
chrX 115852408 115872076 relocation inconsistency = 14060
chrX 115886137 116557770 relocation inconsistency = 33732
chrX 116595567 120879377 relocation inconsistency = 90397
chr3 162829871 166850878 inversion
chr3 162827575 162829853 relocation inconsistency = 19620
chr17 22407407 22747134 relocation inconsistency = 20532
chr20 19924437 23753604 relocation inconsistency = 75683
chr19 38788125 39904050 inversion
chr19 38774675 38788025 inversion
chr5 46636978 46637654 relocation inconsistency = -24558
chr5 46622552 46623636 relocation inconsistency = 31726
chr5 46654102 46655360 relocation inconsistency = 60048
chr5 46716352 46718135 relocation inconsistency = -102358
chr5 46631412 46632280 relocation inconsistency = 195511
chrX 27562317 37085008 relocation inconsistency = 192994
chrX 47089424 48020771 relocation inconsistency = 122229
chr5 1636702 3324316 relocation inconsistency = -7067
chr2 64376178 73645122 relocation inconsistency = 59684
chr1 18049788 19061441 translocation
chr21 43336016 43337550 translocation
chr1 19061418 25268025 relocation inconsistency = 70329
chr1 25338355 26641622 inversion
chr1 26641623 26646431 inversion
chr8 84962073 85645197 relocation inconsistency = 9001
chr8 84952553 84953062 inversion
chr8 84952509 84953046 relocation inconsistency = -9569
chr8 57206034 57206575 relocation inconsistency = -9778
chr8 45971450 46491758 relocation inconsistency = 2007232
chr14 27832046 34547856 relocation inconsistency = -7190
chr14 34547862 34555246 inversion
chr14 73294867 73536116 relocation inconsistency = 32051
chr16 75222761 81765621 inversion
chr16 75206201 75222758 inversion
chr7 158595237 159087165 relocation inconsistency = -20874
chr18 67453985 68535095 relocation inconsistency = -20296
chr18 47023280 47025901 relocation inconsistency = 53592
chr2 95853906 95862106 relocation inconsistency = 60318
chr2 95927377 95946231 relocation inconsistency = 1191384
chr2 97137616 97156223 translocation
chr8 6299769 6984010 relocation inconsistency = 38199
chr10 13063278 26894437 translocation
chr5 156658674 156665917 translocation
chr12 54119766 58327457 relocation inconsistency = 8489
chr9 122867917 123979102 inversion
chr9 123979414 123991042 inversion
chr3 130087905 130133466 relocation inconsistency = 43365
chr3 125737077 130044539 relocation inconsistency = 22632
chr3 112160280 122934202 relocation inconsistency = -9604
chr11 55305027 56376486 relocation inconsistency = -7547
chr11 56375633 56708338 relocation inconsistency = -11025
chr11 60049557 61200012 relocation inconsistency = 37993
chr11 64553152 67831588 relocation inconsistency = 25305052
chr11 93136641 93142662 relocation inconsistency = -89685115
chrX 55493064 56770441 relocation inconsistency = -26609
chrX 55480142 55493063 inversion
chrX 52935676 55480141 relocation inconsistency = -38307
chrX 52920140 52935675 inversion
chr22 40537027 42125969 relocation inconsistency = 13713
chr12 83234680 86847817 inversion
chr12 86847818 86857789 inversion
chr12 86857790 122706514 relocation inconsistency = 13426
chr21 9834712 9841854 relocation inconsistency = 23940
chr21 44407134 45224569 translocation
chrY 2227752 2228501 translocation
chr21 43262797 44407148 relocation inconsistency = 45294
chr21 40033182 42588035 inversion
chr21 40028843 40033181 inversion
chrX 151919995 153149741 relocation inconsistency = -43725
chrX 153106017 153250232 relocation inconsistency = 43695
chrX 153390323 154182444 relocation inconsistency = 112066
chrX 154294511 154634731 relocation inconsistency = 11692
chr4 49787156 49793758 relocation inconsistency = 2005419
chr4 51799224 58878793 relocation inconsistency = 41992
chr4 4096437 4120054 relocation inconsistency = 30203
chr4 8631526 8797477 relocation inconsistency = 18259
chr12 40504829 41844251 relocation inconsistency = -12446
chrX 3898080 7029045 relocation inconsistency = 76811
chrX 2134869 2277512 relocation inconsistency = 185523
chrX 238270 363465 relocation inconsistency = 104398
chrX 106347 133871 relocation inconsistency = 51223
chr1 816032 1632472 relocation inconsistency = 67160
chr1 2693339 2693892 relocation inconsistency = -73017
chr1 2679571 2680079 relocation inconsistency = -59476
chr1 2671347 2671974 relocation inconsistency = -8949
chr1 2685426 2686113 relocation inconsistency = 57794
chr2 168867269 169485324 translocation
chr9 108030717 108032731 translocation
chr4 68200206 68556333 relocation inconsistency = 102406
chr4 68658740 69275098 relocation inconsistency = 128338
chr10 133079145 133436416 relocation inconsistency = 144130
chr5 50110342 50187207 relocation inconsistency = -36390
chr5 50136679 50145028 translocation
chr19 24518687 24520201 relocation inconsistency = 2745365
chr19 27267508 27268609 translocation
chr3 93766369 93772949 translocation
chr6 57334869 57337794 translocation
chr11 39849653 39852709 translocation
chr5 47086051 47090815 relocation inconsistency = 28039
chr5 47119779 47120741 relocation inconsistency = 16539
chr5 47138661 47153339 relocation inconsistency = -16187
chr5 47137153 47143088 relocation inconsistency = -143943
chr5 47003524 47004148 relocation inconsistency = -161079
chr5 46849809 46852243 relocation inconsistency = -42876
chr5 46810089 46810866 relocation inconsistency = 90963
chr5 46911514 46914642 relocation inconsistency = 205005
chr5 47120304 47120897 translocation
chr20 28514273 28515286 translocation
chr22 15976622 15977203 translocation
chr8 19440718 19442718 translocation
chr5 33125211 33126382 translocation
chr22 15977297 15977904 translocation
chr17 26586859 26588833 translocation
chr22 15970608 15971349 translocation
chr20 28521459 28528052 translocation
chr5 47124022 47124705 relocation inconsistency = -9190
chr5 47130504 47132620 relocation inconsistency = 425566
chr5 46703723 46704937 relocation inconsistency = 368281
chr5 47076366 47077556 translocation
chr7 86340218 86346178 translocation
chr5 46433466 46435224 relocation inconsistency = 211170
chr8 12014787 12093103 translocation
chr12 8393385 8396378 translocation
chr7 142506481 142510139 relocation inconsistency = -20021
chr11 55135687 55182772 relocation inconsistency = 31380
chr17 43322322 45181021 inversion
chr17 43281520 43323733 relocation inconsistency = 48620
chr17 41276134 43232899 relocation inconsistency = 10305
chr20 47834683 48870681 relocation inconsistency = -979153
chr20 47895145 47896044 relocation inconsistency = 60468
chr12 30323 36089 translocation
chr5 33348679 33351291 translocation
chr19 75654 76570 translocation
chr20 819254 1570693 relocation inconsistency = 33008
chr1 73129314 75377083 relocation inconsistency = -82505580
chr1 155627634 155634893 relocation inconsistency = 82497368
chr17 81249513 81742542 relocation inconsistency = 49643
chr19 21584548 21585740 relocation inconsistency = 500861
chr19 22087145 22089250 translocation
chr7 64919938 64920975 translocation
chr19 21516645 21517778 relocation inconsistency = 41627
chr5 29069521 32856154 relocation inconsistency = -8889
chr11 188188 311836 inversion
chr11 311837 317944 inversion
chr11 1599078 1894050 relocation inconsistency = 21676
chr11 1915728 1939637 inversion
chr11 1894043 1915721 relocation inconsistency = 22687
chr11 1939860 3292666 relocation inconsistency = 45817
chr7 4590930 5306786 relocation inconsistency = 8504
chrX 133952709 135757325 relocation inconsistency = 103845
chr19 54849115 55266534 relocation inconsistency = 95517
chr1 247894351 248404245 relocation inconsistency = -7450
chr19 34391982 36195780 relocation inconsistency = -17201
chr19 27403660 27470115 relocation inconsistency = 7367
chr7 100990742 100992429 relocation inconsistency = -7438
chr3 75708770 75745117 translocation
chr21 8778934 8798201 translocation
chr1 109648828 109672299 relocation inconsistency = 18350
chr1 206409916 207531061 relocation inconsistency = 35631
chr6 167389778 167591393 relocation inconsistency = 49512
chr6 32549844 32550356 translocation
chr8 106791985 106793860 translocation
chr18 5085683 5088867 translocation
chr6 32501026 32501651 translocation
chrX 139341920 139342888 translocation
chr6 32513387 32531449 relocation inconsistency = -62097
chr6 32573000 32575483 relocation inconsistency = 86090
chr6 32046128 32486909 relocation inconsistency = 32854
chr6 29948486 30471631 relocation inconsistency = 54918
chrX 149600270 149653006 inversion
chrX 149652865 149750253 inversion
chr2 1343590 3181313 relocation inconsistency = -8686
chr5 181004792 181289857 relocation inconsistency = 55497
chr5 179655176 180949294 inversion
chr5 179637372 179655175 inversion
chr14 22640005 23966848 relocation inconsistency = 37115
chrX 51700364 52040755 relocation inconsistency = -24865
chrX 51692964 51700363 inversion
chrX 50278965 51692963 relocation inconsistency = 46332
chrX 49574423 50228964 relocation inconsistency = 257885
chr3 86859794 90482394 translocation
chr20 29714971 29719766 translocation
chr3 90574119 90721131 relocation inconsistency = 124424
chr5 64477135 67326293 inversion
chr5 64470883 64477134 inversion
chr4 59598020 63828610 relocation inconsistency = 20051
chr16 34592321 34626883 relocation inconsistency = 39491
chrX 144475607 145340559 relocation inconsistency = 46267
chr16 15132194 15136959 relocation inconsistency = -3212855
chr16 14931322 14932788 relocation inconsistency = 3422547
chr11 80872411 87978189 relocation inconsistency = 23670
chr6 131698188 131701292 translocation
chr6 60566414 60598418 relocation inconsistency = 2898742
chr4 49708108 49711961 relocation inconsistency = 1924867
chr12 37973022 38311121 relocation inconsistency = -8261
chr12 37724028 37741711 relocation inconsistency = 11450
chr22 23969109 24608875 relocation inconsistency = 37153
chr22 23510406 23931955 translocation
chr19 41036045 41037073 translocation
chr9 129429537 129442110 translocation
chr2 115440484 115441133 translocation
chrX 72733184 72734156 translocation
chr9 129442924 129444290 translocation
chr12 107997041 107998061 translocation
chr22 22398251 23453186 relocation inconsistency = -9082
chr9 138194966 138204675 translocation
chr9 62580476 62641556 relocation inconsistency = 20122706
chr9 42309799 42457769 relocation inconsistency = 24354055
chr14 105722516 105745288 relocation inconsistency = 114010
chr14 105859963 105863793 relocation inconsistency = 224089
chr14 106088143 106273760 relocation inconsistency = -10870
chr14 106262891 106332608 relocation inconsistency = 25877
chr14 106358831 106631675 relocation inconsistency = 11932
chr14 106643608 106692305 relocation inconsistency = 46507
chr7 61822308 61869969 relocation inconsistency = -427726
chr7 62248572 62250033 translocation
chr11 70803362 70955696 relocation inconsistency = 96385
chr17 197443 448174 relocation inconsistency = 39858
chr9 64974724 64976085 relocation inconsistency = -24127796
chr7 38368347 39857715 relocation inconsistency = 9079
chr1 149843519 149866326 relocation inconsistency = -16033
chr1 149850294 152788282 relocation inconsistency = 10482
chr1 156559144 161465410 relocation inconsistency = 7417
chr1 161472828 161513377 relocation inconsistency = 164060
chr1 13188334 13191018 relocation inconsistency = 175591
chr17 15638275 15726503 relocation inconsistency = 2909534
chr2 97192196 97288777 relocation inconsistency = 1193880
chr13 52211280 52310301 relocation inconsistency = 176358
chr7 56823427 56991313 relocation inconsistency = 6775081
chr7 63766395 63790154 relocation inconsistency = 6978572
chr1 143225386 143226247 relocation inconsistency = -51058
chr6 61363067 61370554 translocation
chr14 26673320 26679039 translocation
chr7 57950572 57952792 translocation
chr6 61435021 61438351 translocation
chr9 18839036 18845182 translocation
chr9 63633457 63693593 translocation
chr7 51861445 54234006 relocation inconsistency = -15879
chr7 54234008 54308400 inversion
chr20 30421085 30422067 translocation
chr9 63797673 63826960 translocation
chr20 29807256 29815492 relocation inconsistency = 1032551
chr7 153816721 154058435 relocation inconsistency = 3552929
chr7 150152040 150199745 relocation inconsistency = 2603676
chr4 165228153 165236838 relocation inconsistency = 45885618
chr2 94662591 94751175 translocation
chr9 64882021 64917426 translocation
chr14 18341495 18353752 translocation
chr20 28788283 28790005 translocation
chr15 17021336 17033196 translocation
chr20 28766860 28775608 translocation
chr7 70973894 72575499 inversion
chr7 70961200 70973883 inversion
chr21 8171629 8204752 relocation inconsistency = 478653
chr21 7550919 7692975 relocation inconsistency = -1040734
chr21 6652242 6655315 relocation inconsistency = -402214
chr21 6253108 6336210 relocation inconsistency = -763271
chr21 5572940 5619995 translocation
chrX 96272744 96274539 translocation
chr21 7133436 7135159 translocation
chr9 26962972 26964371 translocation
chr10 10650865 10655476 translocation
chr20 30593348 30594543 translocation
chr20 29009633 29014476 relocation inconsistency = 50992
chr20 28944177 28956757 translocation
chr21 7221374 7221957 translocation
chr22 12505709 12507108 relocation inconsistency = 130707
chr22 12352811 12375001 translocation
chrX 83059613 83065637 translocation
chr21 5307700 5314534 translocation
chr9 64945514 64948192 translocation
chr21 7242287 7258792 translocation
chrY 10625729 10627080 translocation
chr21 5338046 5347559 translocation
chr17 45512139 45530738 relocation inconsistency = 1517706
chr20 30920677 31001508 relocation inconsistency = -1311348
chr20 29697748 29708055 translocation
chr9 43192006 43192994 translocation
chr20 29712323 29721224 translocation
chr3 90480117 90481748 translocation
chr15 19830525 19835819 translocation
chr8 59535189 59538978 translocation
chr12 43227766 43233742 translocation
chr16 34202451 34205706 translocation
chr22 11362620 11374954 translocation
chr20 29860288 29864825 translocation
chr22 16056816 16064724 translocation
chr18 15384265 15388615 translocation
chr22 12516768 12526810 translocation
chr20 28957520 28959178 translocation
chr22 12413370 12422524 translocation
chr17 62551247 63877427 relocation inconsistency = 22569
chr22 11547338 11626881 translocation
chr22 12806467 12817829 relocation inconsistency = 1309129
chr22 11428057 11497337 translocation
chr15 17049335 17083573 translocation
chr20 28881954 28887818 relocation inconsistency = 8726
chr20 28860135 28861338 relocation inconsistency = 18821
chr20 28829617 28835168 translocation
chrY 10532736 10536800 translocation
chr16 36035128 36041911 translocation
chr20 29257715 29258566 relocation inconsistency = 368252
chr20 28884420 28889156 translocation
chr21 7957408 7961324 relocation inconsistency = 2832333
chr21 10793658 10814559 translocation
chr15 23125283 23158020 relocation inconsistency = 122796
chr21 10135632 10169868 translocation
chr9 41539111 41554566 translocation
chr4 131738121 131785623 relocation inconsistency = 14955
chr7 96291299 97437046 relocation inconsistency = 8748
chr7 97445827 97459601 inversion
chr7 97460380 97896588 translocation
chr10 38573496 38590673 relocation inconsistency = 35293
chr10 38526776 38529907 relocation inconsistency = -18257
chr21 13772674 13860383 translocation
chr15 17134972 17151174 translocation
chr20 29239465 29246776 translocation
chr11 49711165 49711879 inversion
chr11 49715001 49731316 inversion
chr1 223608936 223889062 relocation inconsistency = 49218
chr21 8017329 8022173 relocation inconsistency = 2654673
chr20 28807187 28827984 translocation
chr21 10768768 10773510 translocation
chr20 28780222 28788272 translocation
chr15 17109804 17112148 translocation
chr20 29193032 29196967 translocation
chr21 10745671 10757730 relocation inconsistency = 11787
chr21 10769518 10770533 translocation
chr22 12389758 12405075 translocation
chr21 10785708 10795689 translocation
chr20 30696911 30721816 translocation
chr6 73881735 73882344 relocation inconsistency = 10379
chr15 17484529 17489638 translocation
chr11 50762229 50766693 translocation
chr21 10761740 10762332 relocation inconsistency = 3489263
chr21 7266064 7272272 relocation inconsistency = 3490856
chr21 10763129 10785190 translocation
chr22 12384487 12387445 translocation
chr21 7274538 7293106 relocation inconsistency = 3486796
chr21 10783570 10790954 translocation
chr12 8438251 8442102 relocation inconsistency = 32374
chr7 58578105 58580781 relocation inconsistency = 3930233
chr10 38919650 38945368 translocation
chr11 53156894 53162300 relocation inconsistency = -1262004
chr11 54398990 54413935 relocation inconsistency = -144913
chr11 54541394 54542810 relocation inconsistency = 3451180
chr11 51081462 51083820 translocation
chr9 43195783 43200398 translocation
chr21 5256322 5262759 relocation inconsistency = 1936776
chr9 38966081 38971044 relocation inconsistency = 2823053
chr9 41794098 41857428 relocation inconsistency = -2821666
chr9 39061506 39063529 translocation
chr7 63288294 63302788 relocation inconsistency = 155144
chr7 62294433 62362556 inversion
chr7 62358865 62456779 relocation inconsistency = -87350
chr7 62383978 62408556 translocation
chr9 13039828 13043914 translocation
chr18 20468171 20472261 relocation inconsistency = 4667927
chr18 15736112 15768167 translocation
chr9 65048125 65077219 relocation inconsistency = 24198519
chr9 40844768 40849443 translocation
chr22 15174081 15177713 translocation
chr9 40814887 40831957 translocation
chrY 11094659 11112744 translocation
chr14 16387150 16388651 translocation
chr21 7252432 7261822 translocation
chr8 101678843 101684079 translocation
chr21 5333309 5336623 translocation
chr20 28868453 28878811 relocation inconsistency = 30240
chr22 10722057 10728191 translocation
chr22 16245323 16268137 relocation inconsistency = 45873
chr19 27397101 27397780 translocation
chr12 37696568 37699491 translocation
chr20 28829695 28836213 translocation
chr16 34208914 34210917 translocation
chrY 11988626 11994459 translocation
chr19 27307882 27310962 translocation
chr20 28868453 28871650 translocation
chr7 57930114 57931504 translocation
chr20 28898595 28906577 translocation
chr9 40912762 40921465 relocation inconsistency = 19597093
chr21 7322837 7325217 relocation inconsistency = 3646192
chr13 16695402 16703043 translocation
chr2 94177550 94181857 translocation
chr15 47165537 47171543 translocation
chr2 132242910 132246395 translocation
chr22 14594671 14602970 translocation
chr13 17762703 17768316 relocation inconsistency = 293209
chr13 17465393 17469493 translocation
chr9 40863276 40866429 translocation
chr7 62187938 62237567 relocation inconsistency = 419028
chr7 60881323 61120205 relocation inconsistency = 18796
chr7 61139002 61145744 relocation inconsistency = 257642
chrY 56876356 56888112 translocation
chr1 178315752 178317714 translocation
chr15 17036002 17038267 translocation
chr21 10783570 10790947 relocation inconsistency = 3492211
chr21 7274631 7291229 translocation
chr20 28807496 28810750 translocation
chr21 10746457 10747304 translocation
chr15 17485750 17490499 relocation inconsistency = -464377
chr15 17943061 17950126 relocation inconsistency = 263444
chr15 17672243 17679347 relocation inconsistency = -560423
chr15 18232137 18232665 relocation inconsistency = 370295
chr15 17847185 17857587 relocation inconsistency = -506112
chr15 18341382 18352393 translocation
chr22 11239335 11256511 translocation
chr20 29213424 29226691 translocation
chr16 34211818 34213362 translocation
chr7 61281337 61284376 translocation
chr22 12338835 12344869 translocation
chr20 29891869 29900504 relocation inconsistency = 7967
chr20 29908472 29909340 relocation inconsistency = 224431
chr20 30133772 30145081 relocation inconsistency = 829621
chr20 30974703 30978944 relocation inconsistency = -1281352
chr20 29697748 29703838 translocation
chr21 11100334 11113857 translocation
chr20 30010799 30013710 translocation
chr21 10714246 10716601 translocation
chr13 63028412 63074889 translocation
chr7 57564574 57576895 translocation
chr21 9527150 9596445 translocation
chr20 29204769 29264428 relocation inconsistency = 624469
chr1 121395829 121642983 relocation inconsistency = 91415
chr7 60956692 60983119 translocation
chr16 34041388 34043455 translocation
chr21 10616530 10795973 translocation
chrY 11319182 11324552 translocation
chr4 190176470 190177872 translocation
chr10 133686358 133688445 translocation
chr5 50204110 50208208 translocation
chr14 18610185 18680621 translocation
chr2 94594848 94633172 translocation
chr15 21242091 21367137 relocation inconsistency = 568968
chr20 29419001 29436770 translocation
chr3 75662327 75708765 translocation
chr20 29368734 29370922 translocation
chr3 198122878 198124387 translocation
chr1 878426 883191 translocation
chr20 29776003 29779834 translocation
chr6 140373895 140374692 translocation
chrX 90713853 90714371 translocation
chr20 29762537 29763638 translocation
chr9 63823207 63823944 translocation
chr20 30421259 30425127 translocation
chr4 186362912 186363901 translocation
chr9 60613588 60628968 relocation inconsistency = 17171061
chr9 43432680 43442433 relocation inconsistency = 17112186
chr9 60560732 60565374 relocation inconsistency = 17173356
chr11 48916581 48939863 relocation inconsistency = -8780
chr10 39424551 39426054 translocation
chr22 12335162 12340295 translocation
chr20 28870882 28878955 translocation
chr21 10761584 10765846 translocation
chr21 8988749 9028021 translocation
chr4 49283548 49286056 translocation
chr17 21765642 21795850 relocation inconsistency = 18236
chr17 21814104 21825820 translocation
chr7 63009803 63016520 relocation inconsistency = -22089
chr7 63009803 63016520 translocation
chr17 21906787 21984549 relocation inconsistency = -16324
chr1 124849237 124880372 relocation inconsistency = 55089
chr20 29014286 29029328 relocation inconsistency = 51565
chr20 28862245 28867524 relocation inconsistency = -294767
chr20 29145586 29157011 relocation inconsistency = 303266
chr20 28761204 28790005 translocation
chr21 5384294 5389700 translocation
chr20 28728975 28751119 relocation inconsistency = -169988
chr9 63881345 63882252 relocation inconsistency = 22875333
chr9 40981521 41006006 relocation inconsistency = 22822074
chr9 63828081 63833510 inversion
chr9 63823164 63826100 relocation inconsistency = 22587389
chr16 88198113 88272166 relocation inconsistency = 58969304
chr14 18417282 18487919 translocation
chr22 11273325 11276240 translocation
chr20 29275583 29281934 relocation inconsistency = -1186033
chr20 30460773 30461615 translocation
chr14 16076894 16082868 translocation
chr20 29261677 29264060 relocation inconsistency = -9551
chr20 29250939 29253808 translocation
chr5 109444094 109447637 translocation
chrY 10624415 10627119 translocation
chr2 132276251 132281663 translocation
chr21 8193639 8202486 relocation inconsistency = 2934717
chr21 5246719 5252525 translocation
chr9 40939293 40972452 translocation
chr14 105575320 105577088 relocation inconsistency = -122064
chr10 133658483 133660798 relocation inconsistency = 21497
chr10 133687839 133689372 translocation
chr17 19189337 19237479 inversion
chr5 64351898 64352480 translocation
chr19 27240937 27242700 translocation
chr16 34272481 34278593 translocation
chr5 49641834 49646788 relocation inconsistency = 2061987
chr5 47573517 47579697 relocation inconsistency = 2063247
chr5 49641834 49644346 relocation inconsistency = 2341248
chr10 133685489 133690466 relocation inconsistency = 73068
chrX 52213340 52502217 relocation inconsistency = -13017
chrX 52489201 52510671 inversion
chrX 52510826 52523685 relocation inconsistency = -12862
chr17 21844310 21846203 translocation
chr10 38911775 38913438 translocation
chr17 26820344 26821134 translocation
chr21 7927648 7933587 relocation inconsistency = -15212
chr21 7939602 7949266 translocation
chr22 12977426 12986171 translocation
chr21 7957847 7960775 translocation
chr22 13016014 13021322 translocation
chrX 62584963 62587697 translocation
chr20 28799806 28800318 translocation
chr20 26365415 26386129 relocation inconsistency = 195873
chr15 17011755 17012402 relocation inconsistency = -448877
chr22 16256567 16279672 relocation inconsistency = 257459
chr22 15996113 15999107 relocation inconsistency = -31448
chr22 16017815 16027515 translocation
chr2 94544340 94548923 translocation
chr22 16340760 16342952 translocation
chr16 34483873 34485187 translocation
chr1 143198612 143199487 translocation
chr7 60909848 60910545 translocation
chr22 16323699 16324209 translocation
chr16 34664561 34671640 translocation
chr2 92111962 92119082 relocation inconsistency = -8860
chr2 92081968 92120821 translocation
chr2 110441266 110443325 relocation inconsistency = 39453
chr22 11467073 11471514 translocation
chr3 75708770 75745128 translocation
chr19 49956109 49957650 translocation
chr9 41258337 41264071 translocation
chr20 30593332 30594543 translocation
chr6 78646773 78650991 translocation
chr10 133631557 133640420 translocation
chr14 20231515 20233711 translocation
chrX 87443135 87444296 translocation
chr20 29443234 29448270 translocation
chr9 63817427 63823609 translocation
chr20 29452179 29474410 relocation inconsistency = -899379
chr20 28557054 28563084 relocation inconsistency = -1329958
chr7 57932408 57934636 translocation
chr4 49558939 49560852 relocation inconsistency = 69174
chr22 18384026 18387625 relocation inconsistency = 29695
chr22 18418687 18419402 relocation inconsistency = 212386
chr12 36826778 36843729 relocation inconsistency = 332308
chr12 37176038 37182584 relocation inconsistency = -1266236
chr12 35916349 35924892 relocation inconsistency = -1116305
chr12 34855099 34867809 relocation inconsistency = 1430196
chr12 36298006 36300952 relocation inconsistency = -1531435
chrY 56847548 56850027 relocation inconsistency = 45532868
chrY 11309352 11311607 relocation inconsistency = -8002
chr7 72805141 72808889 relocation inconsistency = 5782968
chr7 67019304 67020338 inversion
chr7 67020344 67021512 relocation inconsistency = 5724975
chr1 125154977 125155506 translocation
chr22 18729761 18733649 relocation inconsistency = 2561213
chr5 47156046 47161953 translocation
chr7 61960599 61961577 translocation
chr9 64468723 64473180 relocation inconsistency = 21514923
chr21 10999061 10999705 relocation inconsistency = 1722630
chr22 11032168 11040849 translocation
chr21 10389624 10403976 relocation inconsistency = 11674
chr20 29697633 29802582 translocation
chr20 30625014 30637717 translocation
chr22 11903629 11918486 translocation
chr2 89780570 89783983 relocation inconsistency = 7368
chr22 11626870 11631288 translocation
chr20 29729000 29742546 translocation
chr16 34183897 34187666 translocation
chr20 30944132 30944873 relocation inconsistency = 30024
chr20 30975041 30978764 translocation
chr3 90407658 90414020 translocation
chr20 29703920 29704720 translocation
chr8 115753164 115759166 translocation
chr20 29700044 29705227 translocation
chr16 36051415 36054194 translocation
chr20 30994889 31001472 translocation
chr3 93777970 93782828 translocation
chr8 136190210 136196215 translocation
chr16 34202621 34207750 translocation
chr20 29206210 29207582 translocation
chr22 11374565 11378054 translocation
chr2 94541785 94549740 relocation inconsistency = 98286086
chr2 192835843 192836772 translocation
chr5 49613028 49618848 translocation
chr19 26184351 26191432 relocation inconsistency = -275154
chr19 42944904 42953443 relocation inconsistency = 19278
chr6 32658083 32695003 translocation
chrX 72973479 72996064 inversion
chr4 189948780 189949893 translocation
chr15 20384541 20388783 relocation inconsistency = 8151
chr22 10691586 10698821 translocation
chr1 248537313 248632466 relocation inconsistency = -53560
chr18 107845 108446 translocation
chr5 34193483 34194931 relocation inconsistency = -36318037
chr10 42174952 42184954 translocation
chr2 90292957 90298085 relocation inconsistency = 1200287
chr7 96849282 96852679 translocation
chr1 124931251 124932381 relocation inconsistency = -142483
chr16 34275993 34280009 relocation inconsistency = 2039389
chr16 36319487 36326196 relocation inconsistency = -19741
chr16 36318781 36323944 relocation inconsistency = 240563
chr16 36071926 36077946 relocation inconsistency = 46121
chr21 8523141 8571570 translocation
chr20 30214206 30225816 relocation inconsistency = 4428804
chr21 10488664 10491380 translocation
chr9 68303815 68327218 relocation inconsistency = 68199690
chr20 29834469 29853542 translocation
chrX 42004315 42010313 translocation
chr7 57972484 57976242 translocation
chrY 10599063 10600079 translocation
chrY 11311849 11319777 relocation inconsistency = -14601
chrY 11305003 11320068 relocation inconsistency = -8269
chrY 11307510 11315012 translocation
chr2 91887689 91891410 translocation
chr6 55909324 55910704 translocation
chr1 143510120 143522219 translocation
chr16 34803730 34812412 translocation
chr21 9304508 9312806 translocation
chr10 41861061 41862827 relocation inconsistency = 16113
chr10 41879487 41880317 relocation inconsistency = -28398
chr22 13901253 13905383 relocation inconsistency = -173115
chr22 13732269 13743204 translocation
chr21 11877085 11881082 translocation
chr16 34612398 34619627 translocation
chr4 140413397 140419361 translocation
chr9 60521421 60523509 relocation inconsistency = 19609832
chr5 47609864 47614069 relocation inconsistency = 1998061
chr5 49612142 49618260 relocation inconsistency = 2311556
chr5 47290863 47300585 relocation inconsistency = -1650730
chr11 53038016 53039608 relocation inconsistency = 1352361
chr11 54391970 54400332 relocation inconsistency = 135887
chr21 6840609 6845270 translocation
chr22 12027556 12047578 relocation inconsistency = -1133320
chr3 90642108 90643281 relocation inconsistency = 118100
chr3 90511078 90514192 relocation inconsistency = 567635
chr3 89939083 89942663 relocation inconsistency = -615985
chr3 90554321 90555044 relocation inconsistency = -127986
chr3 90654296 90655351 translocation
chr6 60237675 60241679 translocation
chr3 90654272 90654851 relocation inconsistency = -9604
chr3 90645253 90645752 translocation
chrY 13181848 13185116 translocation
chr4 15177384 15180004 translocation
chr3 188116583 188117521 relocation inconsistency = 97472236
chr3 90637635 90643983 relocation inconsistency = -23572
chr3 90653388 90655006 translocation
chr1 81390098 81391586 translocation
chr3 153235771 153241783 relocation inconsistency = 62565724
chr3 90655944 90660632 relocation inconsistency = 137278
chr3 90517512 90518665 relocation inconsistency = -201507
chr3 90706995 90707560 relocation inconsistency = 45106
chr3 90652512 90658385 relocation inconsistency = -20373203
chr3 111018718 111024743 relocation inconsistency = 20489404
chr3 90516542 90529301 relocation inconsistency = -131329
chr3 90644801 90647870 translocation
chr6 60235565 60241754 translocation
chr3 90699953 90702721 relocation inconsistency = 50538485
chr3 40155426 40161027 relocation inconsistency = 50357092
chr3 90518325 90526987 relocation inconsistency = -75796
chr3 90588110 90593535 translocation
chr6 61390575 61391773 relocation inconsistency = -1153615
chr6 60238601 60240388 translocation
chr12 63747182 63748110 translocation
chr3 90646270 90660827 translocation
chr6 60236841 60240325 translocation
chr3 90653388 90665862 relocation inconsistency = -18823
chr3 90661037 90669337 relocation inconsistency = -12889
chr3 90653385 90655111 relocation inconsistency = -8479
chr3 90653556 90654167 relocation inconsistency = 139083
chr3 90513286 90513796 translocation
chr6 60229935 60241207 translocation
chr3 90519431 90521759 translocation
chr4 49280153 49296363 relocation inconsistency = -32752
chr1 143302273 143303226 translocation
chr4 189296298 189297352 translocation
chr16 32825211 32826231 relocation inconsistency = 250947
chr20 28044084 28047442 relocation inconsistency = 1535912
chr15 24495018 24517619 relocation inconsistency = 50391
chr12 30323 36089 translocation
chr4 104440038 104442656 translocation
chr22 11720040 11722085 translocation
chr9 104056194 104057231 translocation
chr21 5288200 5293058 relocation inconsistency = 35383
chr16 36107437 36125880 translocation
chr22 16336398 16338145 translocation
chr5 94570253 94570918 relocation inconsistency = 40352420
chrY 11131779 11138944 translocation
chr22 11831858 11836991 translocation
chr21 10128449 10129120 translocation
chr9 40114622 40130168 translocation
chr21 13984111 13985463 translocation
chr22 22288786 22290267 translocation
chr21 14058346 14059134 relocation inconsistency = 386265
chr21 13668199 13668701 translocation
chr14 19028131 19028663 translocation
chr15 20815690 20820994 translocation
chr3 77778851 77788795 translocation
chr19 21697450 21697956 translocation
chr9 40345181 40351662 relocation inconsistency = -955220
chr22 12518805 12527563 translocation
chr3 99272687 99273758 translocation
chrX 62554569 62555184 translocation
chr2 90300785 90301496 translocation
chrY 863591 864816 translocation
chr2 91494907 91495556 translocation
chrY 987203 988362 relocation inconsistency = 8248
chrY 1003526 1004145 relocation inconsistency = 8313
chrY 1013293 1017828 translocation
chr7 58007390 58008984 translocation
chr20 53858949 53867826 translocation
chr17 113756 118135 translocation
chr9 138231725 138232314 translocation
chrY 11316034 11318389 translocation
chr20 28641605 28646195 relocation inconsistency = 118011
chr20 28521706 28523593 translocation
chr1 100632253 100638388 translocation
chr2 132239346 132242074 translocation
chr15 19342910 19348233 relocation inconsistency = -224058
chr15 19564539 19566903 relocation inconsistency = 441477
chr21 8674677 8676595 translocation
chr4 136293518 136299545 translocation
chr2 94143725 94147352 relocation inconsistency = 1908365
chr2 92230005 92235359 relocation inconsistency = -1925008
chr2 94140954 94155012 relocation inconsistency = -18696
chr4 49487818 49490403 translocation
chr16 36115561 36125930 translocation
chr17 42972345 42974008 translocation
chr7 58073729 58086448 translocation
chr16 32082559 32085305 relocation inconsistency = 701410
chr4 49322907 49323671 relocation inconsistency = -7123
chr5 49599448 49600986 translocation
chrY 11324003 11328929 translocation
chr5 46611905 46615961 translocation
chr10 42221343 42225477 relocation inconsistency = 15239
chr16 36119957 36125929 translocation
chr7 60931445 60932654 translocation
chr1 125082462 125085488 translocation
chr22 18896123 18896978 translocation
chr11 112112 118441 translocation
chr19 230245 246571 translocation
chr4 49312398 49321594 relocation inconsistency = 49243573
chr21 10457016 10458142 translocation
chr4 49169824 49175349 translocation
chr9 62804180 62806328 relocation inconsistency = 7755
chr9 62814084 62818563 inversion
chr1 125163442 125164730 translocation
chr20 28517495 28530582 relocation inconsistency = 1119043
chr20 27393184 27398414 relocation inconsistency = 580596
chr20 26807189 26812399 translocation
chr1 67078891 67080757 translocation
chr20 27985065 27993582 relocation inconsistency = 104512
chr20 27878763 27880552 relocation inconsistency = 132126
chr8 85656931 85661253 relocation inconsistency = -18745
chr16 36712499 36717845 relocation inconsistency = 1547829
chr16 46393857 46401647 relocation inconsistency = -12046
chr14 16241303 16241928 translocation
chr10 40409063 40414973 relocation inconsistency = -139878
chr2 91407357 91417713 inversion
chr5 134923386 134924623 relocation inconsistency = 54269588
chr10 41573942 41583688 relocation inconsistency = -539701
chr5 17529431 17529981 inversion
########################################
Total Misassemblies:	 814
Total relocations:	 375
Total translocations:	 385
Total inversions:	 54
########################################

